{"C:\\sema\\yandex_frontend\\stellar-burgers\\src\\routes.tsx": {"path":"C:\\sema\\yandex_frontend\\stellar-burgers\\src\\routes.tsx","statementMap":{"0":{"start":{"line":2,"column":0},"end":{"line":2,"column":null}},"1":{"start":{"line":13,"column":0},"end":{"line":13,"column":59}},"2":{"start":{"line":14,"column":0},"end":{"line":14,"column":62}},"3":{"start":{"line":16,"column":13},"end":{"line":93,"column":2}},"4":{"start":{"line":95,"column":13},"end":{"line":108,"column":2}}},"fnMap":{},"branchMap":{},"s":{"0":0,"1":0,"2":0,"3":0,"4":0},"f":{},"b":{}}
,"C:\\sema\\yandex_frontend\\stellar-burgers\\src\\components\\index.ts": {"path":"C:\\sema\\yandex_frontend\\stellar-burgers\\src\\components\\index.ts","statementMap":{"0":{"start":{"line":1,"column":0},"end":{"line":1,"column":29}},"1":{"start":{"line":2,"column":0},"end":{"line":2,"column":37}},"2":{"start":{"line":3,"column":0},"end":{"line":3,"column":45}},"3":{"start":{"line":4,"column":0},"end":{"line":4,"column":36}},"4":{"start":{"line":5,"column":0},"end":{"line":5,"column":37}},"5":{"start":{"line":6,"column":0},"end":{"line":6,"column":28}},"6":{"start":{"line":7,"column":0},"end":{"line":7,"column":37}},"7":{"start":{"line":8,"column":0},"end":{"line":8,"column":39}},"8":{"start":{"line":9,"column":0},"end":{"line":9,"column":24}},"9":{"start":{"line":10,"column":0},"end":{"line":10,"column":29}},"10":{"start":{"line":11,"column":0},"end":{"line":11,"column":29}},"11":{"start":{"line":12,"column":0},"end":{"line":12,"column":31}},"12":{"start":{"line":13,"column":0},"end":{"line":13,"column":30}},"13":{"start":{"line":14,"column":0},"end":{"line":14,"column":31}}},"fnMap":{},"branchMap":{},"s":{"0":2,"1":2,"2":2,"3":2,"4":2,"5":2,"6":2,"7":2,"8":2,"9":2,"10":2,"11":2,"12":2,"13":2},"f":{},"b":{}}
,"C:\\sema\\yandex_frontend\\stellar-burgers\\src\\components\\app\\app.tsx": {"path":"C:\\sema\\yandex_frontend\\stellar-burgers\\src\\components\\app\\app.tsx","statementMap":{"0":{"start":{"line":1,"column":0},"end":{"line":1,"column":null}},"1":{"start":{"line":19,"column":0},"end":{"line":19,"column":25}},"2":{"start":{"line":20,"column":0},"end":{"line":20,"column":38}},"3":{"start":{"line":22,"column":0},"end":{"line":22,"column":77}},"4":{"start":{"line":24,"column":0},"end":{"line":24,"column":34}},"5":{"start":{"line":25,"column":0},"end":{"line":25,"column":69}},"6":{"start":{"line":26,"column":0},"end":{"line":26,"column":58}},"7":{"start":{"line":27,"column":0},"end":{"line":27,"column":75}},"8":{"start":{"line":28,"column":0},"end":{"line":28,"column":51}},"9":{"start":{"line":30,"column":12},"end":{"line":96,"column":1}},"10":{"start":{"line":31,"column":19},"end":{"line":31,"column":32}},"11":{"start":{"line":32,"column":19},"end":{"line":32,"column":32}},"12":{"start":{"line":33,"column":19},"end":{"line":33,"column":32}},"13":{"start":{"line":34,"column":21},"end":{"line":34,"column":47}},"14":{"start":{"line":35,"column":22},"end":{"line":35,"column":70}},"15":{"start":{"line":35,"column":56},"end":{"line":35,"column":69}},"16":{"start":{"line":37,"column":2},"end":{"line":40,"column":17}},"17":{"start":{"line":38,"column":4},"end":{"line":38,"column":33}},"18":{"start":{"line":39,"column":4},"end":{"line":39,"column":24}},"19":{"start":{"line":42,"column":24},"end":{"line":50,"column":3}},"20":{"start":{"line":43,"column":4},"end":{"line":45,"column":null}},"21":{"start":{"line":44,"column":6},"end":{"line":44,"column":29}},"22":{"start":{"line":46,"column":4},"end":{"line":48,"column":null}},"23":{"start":{"line":47,"column":6},"end":{"line":47,"column":34}},"24":{"start":{"line":49,"column":4},"end":{"line":49,"column":14}},"25":{"start":{"line":52,"column":28},"end":{"line":63,"column":3}},"26":{"start":{"line":53,"column":4},"end":{"line":55,"column":null}},"27":{"start":{"line":54,"column":6},"end":{"line":54,"column":21}},"28":{"start":{"line":56,"column":4},"end":{"line":58,"column":null}},"29":{"start":{"line":57,"column":6},"end":{"line":57,"column":31}},"30":{"start":{"line":59,"column":4},"end":{"line":61,"column":null}},"31":{"start":{"line":60,"column":6},"end":{"line":60,"column":17}},"32":{"start":{"line":62,"column":4},"end":{"line":62,"column":15}},"33":{"start":{"line":65,"column":2},"end":{"line":95,"column":4}},"34":{"start":{"line":69,"column":31},"end":{"line":71,"column":10}},"35":{"start":{"line":76,"column":38},"end":{"line":91,"column":12}},"36":{"start":{"line":84,"column":20},"end":{"line":84,"column":null}},"37":{"start":{"line":98,"column":0},"end":{"line":98,"column":19}}},"fnMap":{"0":{"name":"(anonymous_3)","decl":{"start":{"line":30,"column":12},"end":{"line":30,"column":null}},"loc":{"start":{"line":30,"column":12},"end":{"line":96,"column":1}}},"1":{"name":"(anonymous_4)","decl":{"start":{"line":35,"column":34},"end":{"line":35,"column":35}},"loc":{"start":{"line":35,"column":51},"end":{"line":35,"column":61}}},"2":{"name":"(anonymous_5)","decl":{"start":{"line":37,"column":12},"end":{"line":37,"column":null}},"loc":{"start":{"line":37,"column":12},"end":{"line":40,"column":3}}},"3":{"name":"(anonymous_6)","decl":{"start":{"line":42,"column":24},"end":{"line":42,"column":25}},"loc":{"start":{"line":42,"column":37},"end":{"line":50,"column":3}}},"4":{"name":"(anonymous_7)","decl":{"start":{"line":52,"column":28},"end":{"line":52,"column":29}},"loc":{"start":{"line":52,"column":41},"end":{"line":63,"column":3}}},"5":{"name":"(anonymous_8)","decl":{"start":{"line":69,"column":20},"end":{"line":69,"column":21}},"loc":{"start":{"line":69,"column":26},"end":{"line":69,"column":null}}},"6":{"name":"(anonymous_9)","decl":{"start":{"line":76,"column":27},"end":{"line":76,"column":28}},"loc":{"start":{"line":76,"column":33},"end":{"line":76,"column":null}}},"7":{"name":"(anonymous_10)","decl":{"start":{"line":83,"column":27},"end":{"line":83,"column":null}},"loc":{"start":{"line":83,"column":27},"end":{"line":84,"column":28}}}},"branchMap":{"0":{"loc":{"start":{"line":34,"column":21},"end":{"line":34,"column":47}},"type":"cond-expr","locations":[{"start":{"line":34,"column":35},"end":{"line":34,"column":37}},{"start":{"line":34,"column":35},"end":{"line":34,"column":47}}]},"1":{"loc":{"start":{"line":34,"column":21},"end":{"line":34,"column":37}},"type":"binary-expr","locations":[{"start":{"line":34,"column":21},"end":{"line":34,"column":37}},{"start":{"line":34,"column":35},"end":{"line":34,"column":37}}]},"2":{"loc":{"start":{"line":43,"column":4},"end":{"line":45,"column":null}},"type":"if","locations":[{"start":{"line":43,"column":4},"end":{"line":45,"column":null}}]},"3":{"loc":{"start":{"line":43,"column":8},"end":{"line":43,"column":68}},"type":"binary-expr","locations":[{"start":{"line":43,"column":8},"end":{"line":43,"column":31}},{"start":{"line":43,"column":35},"end":{"line":43,"column":68}}]},"4":{"loc":{"start":{"line":46,"column":4},"end":{"line":48,"column":null}},"type":"if","locations":[{"start":{"line":46,"column":4},"end":{"line":48,"column":null}}]},"5":{"loc":{"start":{"line":53,"column":4},"end":{"line":55,"column":null}},"type":"if","locations":[{"start":{"line":53,"column":4},"end":{"line":55,"column":null}}]},"6":{"loc":{"start":{"line":56,"column":4},"end":{"line":58,"column":null}},"type":"if","locations":[{"start":{"line":56,"column":4},"end":{"line":58,"column":null}}]},"7":{"loc":{"start":{"line":59,"column":4},"end":{"line":61,"column":null}},"type":"if","locations":[{"start":{"line":59,"column":4},"end":{"line":61,"column":null}}]},"8":{"loc":{"start":{"line":68,"column":24},"end":{"line":68,"column":46}},"type":"binary-expr","locations":[{"start":{"line":68,"column":24},"end":{"line":68,"column":34}},{"start":{"line":68,"column":38},"end":{"line":68,"column":46}}]},"9":{"loc":{"start":{"line":74,"column":7},"end":{"line":92,"column":null}},"type":"binary-expr","locations":[{"start":{"line":74,"column":7},"end":{"line":74,"column":17}},{"start":{"line":75,"column":8},"end":{"line":91,"column":null}}]}},"s":{"0":0,"1":0,"2":0,"3":0,"4":0,"5":0,"6":0,"7":0,"8":0,"9":0,"10":0,"11":0,"12":0,"13":0,"14":0,"15":0,"16":0,"17":0,"18":0,"19":0,"20":0,"21":0,"22":0,"23":0,"24":0,"25":0,"26":0,"27":0,"28":0,"29":0,"30":0,"31":0,"32":0,"33":0,"34":0,"35":0,"36":0,"37":0},"f":{"0":0,"1":0,"2":0,"3":0,"4":0,"5":0,"6":0,"7":0},"b":{"0":[0,0],"1":[0,0],"2":[0],"3":[0,0],"4":[0],"5":[0],"6":[0],"7":[0],"8":[0,0],"9":[0,0]}}
,"C:\\sema\\yandex_frontend\\stellar-burgers\\src\\components\\app-header\\app-header.tsx": {"path":"C:\\sema\\yandex_frontend\\stellar-burgers\\src\\components\\app-header\\app-header.tsx","statementMap":{"0":{"start":{"line":2,"column":0},"end":{"line":2,"column":34}},"1":{"start":{"line":3,"column":0},"end":{"line":3,"column":51}},"2":{"start":{"line":6,"column":29},"end":{"line":9,"column":1}},"3":{"start":{"line":7,"column":19},"end":{"line":7,"column":65}},"4":{"start":{"line":7,"column":53},"end":{"line":7,"column":64}},"5":{"start":{"line":8,"column":2},"end":{"line":8,"column":53}},"6":{"start":{"line":6,"column":13},"end":{"line":6,"column":29}}},"fnMap":{"0":{"name":"(anonymous_0)","decl":{"start":{"line":6,"column":29},"end":{"line":6,"column":null}},"loc":{"start":{"line":6,"column":29},"end":{"line":9,"column":1}}},"1":{"name":"(anonymous_1)","decl":{"start":{"line":7,"column":31},"end":{"line":7,"column":32}},"loc":{"start":{"line":7,"column":48},"end":{"line":7,"column":58}}}},"branchMap":{"0":{"loc":{"start":{"line":8,"column":32},"end":{"line":8,"column":48}},"type":"binary-expr","locations":[{"start":{"line":8,"column":32},"end":{"line":8,"column":42}},{"start":{"line":8,"column":46},"end":{"line":8,"column":48}}]},"1":{"loc":{"start":{"line":8,"column":32},"end":{"line":8,"column":42}},"type":"cond-expr","locations":[{"start":{"line":8,"column":36},"end":{"line":8,"column":38}},{"start":{"line":8,"column":32},"end":{"line":8,"column":42}}]},"2":{"loc":{"start":{"line":8,"column":32},"end":{"line":8,"column":38}},"type":"binary-expr","locations":[{"start":{"line":8,"column":32},"end":{"line":8,"column":38}},{"start":{"line":8,"column":32},"end":{"line":8,"column":38}}]}},"s":{"0":2,"1":2,"2":2,"3":0,"4":0,"5":0,"6":2},"f":{"0":0,"1":0},"b":{"0":[0,0],"1":[0,0],"2":[0,0]}}
,"C:\\sema\\yandex_frontend\\stellar-burgers\\src\\components\\app-header\\index.ts": {"path":"C:\\sema\\yandex_frontend\\stellar-burgers\\src\\components\\app-header\\index.ts","statementMap":{"0":{"start":{"line":1,"column":0},"end":{"line":1,"column":9}},"1":{"start":{"line":1,"column":9},"end":{"line":1,"column":41}}},"fnMap":{"0":{"name":"(anonymous_0)","decl":{"start":{"line":1,"column":9},"end":{"line":1,"column":18}},"loc":{"start":{"line":1,"column":9},"end":{"line":1,"column":41}}}},"branchMap":{},"s":{"0":2,"1":2},"f":{"0":0},"b":{}}
,"C:\\sema\\yandex_frontend\\stellar-burgers\\src\\components\\burger-constructor\\burger-constructor.tsx": {"path":"C:\\sema\\yandex_frontend\\stellar-burgers\\src\\components\\burger-constructor\\burger-constructor.tsx","statementMap":{"0":{"start":{"line":1,"column":0},"end":{"line":1,"column":36}},"1":{"start":{"line":3,"column":0},"end":{"line":3,"column":42}},"2":{"start":{"line":4,"column":0},"end":{"line":4,"column":75}},"3":{"start":{"line":5,"column":0},"end":{"line":5,"column":47}},"4":{"start":{"line":6,"column":0},"end":{"line":6,"column":null}},"5":{"start":{"line":12,"column":0},"end":{"line":12,"column":null}},"6":{"start":{"line":17,"column":37},"end":{"line":72,"column":1}},"7":{"start":{"line":18,"column":19},"end":{"line":18,"column":32}},"8":{"start":{"line":19,"column":19},"end":{"line":19,"column":32}},"9":{"start":{"line":20,"column":31},"end":{"line":20,"column":79}},"10":{"start":{"line":20,"column":65},"end":{"line":20,"column":78}},"11":{"start":{"line":21,"column":19},"end":{"line":21,"column":54}},"12":{"start":{"line":21,"column":42},"end":{"line":21,"column":53}},"13":{"start":{"line":22,"column":50},"end":{"line":23,"column":null}},"14":{"start":{"line":23,"column":15},"end":{"line":23,"column":null}},"15":{"start":{"line":22,"column":31},"end":{"line":22,"column":33}},"16":{"start":{"line":22,"column":45},"end":{"line":22,"column":50}},"17":{"start":{"line":26,"column":22},"end":{"line":26,"column":68}},"18":{"start":{"line":26,"column":62},"end":{"line":26,"column":68}},"19":{"start":{"line":27,"column":14},"end":{"line":27,"column":39}},"20":{"start":{"line":28,"column":27},"end":{"line":28,"column":64}},"21":{"start":{"line":30,"column":23},"end":{"line":45,"column":3}},"22":{"start":{"line":31,"column":4},"end":{"line":34,"column":null}},"23":{"start":{"line":32,"column":6},"end":{"line":32,"column":25}},"24":{"start":{"line":33,"column":6},"end":{"line":33,"column":13}},"25":{"start":{"line":36,"column":4},"end":{"line":38,"column":null}},"26":{"start":{"line":37,"column":6},"end":{"line":37,"column":13}},"27":{"start":{"line":40,"column":4},"end":{"line":42,"column":null}},"28":{"start":{"line":41,"column":6},"end":{"line":41,"column":13}},"29":{"start":{"line":44,"column":4},"end":{"line":44,"column":44}},"30":{"start":{"line":47,"column":16},"end":{"line":54,"column":null}},"31":{"start":{"line":49,"column":6},"end":{"line":53,"column":null}},"32":{"start":{"line":51,"column":50},"end":{"line":51,"column":null}},"33":{"start":{"line":57,"column":26},"end":{"line":60,"column":3}},"34":{"start":{"line":58,"column":4},"end":{"line":58,"column":33}},"35":{"start":{"line":59,"column":4},"end":{"line":59,"column":34}},"36":{"start":{"line":62,"column":2},"end":{"line":71,"column":4}},"37":{"start":{"line":17,"column":13},"end":{"line":17,"column":37}}},"fnMap":{"0":{"name":"(anonymous_1)","decl":{"start":{"line":17,"column":37},"end":{"line":17,"column":null}},"loc":{"start":{"line":17,"column":37},"end":{"line":72,"column":1}}},"1":{"name":"(anonymous_2)","decl":{"start":{"line":20,"column":43},"end":{"line":20,"column":44}},"loc":{"start":{"line":20,"column":60},"end":{"line":20,"column":70}}},"2":{"name":"(anonymous_3)","decl":{"start":{"line":21,"column":31},"end":{"line":21,"column":32}},"loc":{"start":{"line":21,"column":37},"end":{"line":21,"column":47}}},"3":{"name":"(anonymous_4)","decl":{"start":{"line":23,"column":4},"end":{"line":23,"column":5}},"loc":{"start":{"line":23,"column":10},"end":{"line":23,"column":20}}},"4":{"name":"(anonymous_5)","decl":{"start":{"line":26,"column":55},"end":{"line":26,"column":56}},"loc":{"start":{"line":26,"column":57},"end":{"line":26,"column":63}}},"5":{"name":"(anonymous_6)","decl":{"start":{"line":30,"column":23},"end":{"line":30,"column":null}},"loc":{"start":{"line":30,"column":23},"end":{"line":45,"column":3}}},"6":{"name":"(anonymous_7)","decl":{"start":{"line":48,"column":4},"end":{"line":48,"column":null}},"loc":{"start":{"line":48,"column":4},"end":{"line":49,"column":7}}},"7":{"name":"(anonymous_8)","decl":{"start":{"line":51,"column":8},"end":{"line":51,"column":9}},"loc":{"start":{"line":51,"column":45},"end":{"line":51,"column":51}}},"8":{"name":"(anonymous_9)","decl":{"start":{"line":57,"column":26},"end":{"line":57,"column":null}},"loc":{"start":{"line":57,"column":26},"end":{"line":60,"column":3}}}},"branchMap":{"0":{"loc":{"start":{"line":27,"column":14},"end":{"line":27,"column":39}},"type":"cond-expr","locations":[{"start":{"line":27,"column":34},"end":{"line":27,"column":36}},{"start":{"line":27,"column":34},"end":{"line":27,"column":39}}]},"1":{"loc":{"start":{"line":27,"column":14},"end":{"line":27,"column":36}},"type":"binary-expr","locations":[{"start":{"line":27,"column":14},"end":{"line":27,"column":36}},{"start":{"line":27,"column":34},"end":{"line":27,"column":36}}]},"2":{"loc":{"start":{"line":28,"column":27},"end":{"line":28,"column":64}},"type":"cond-expr","locations":[{"start":{"line":28,"column":32},"end":{"line":28,"column":60}},{"start":{"line":28,"column":62},"end":{"line":28,"column":64}}]},"3":{"loc":{"start":{"line":31,"column":4},"end":{"line":34,"column":null}},"type":"if","locations":[{"start":{"line":31,"column":4},"end":{"line":34,"column":null}}]},"4":{"loc":{"start":{"line":36,"column":4},"end":{"line":38,"column":null}},"type":"if","locations":[{"start":{"line":36,"column":4},"end":{"line":38,"column":null}}]},"5":{"loc":{"start":{"line":40,"column":4},"end":{"line":42,"column":null}},"type":"if","locations":[{"start":{"line":40,"column":4},"end":{"line":42,"column":null}}]},"6":{"loc":{"start":{"line":49,"column":7},"end":{"line":49,"column":64}},"type":"cond-expr","locations":[{"start":{"line":49,"column":30},"end":{"line":49,"column":60}},{"start":{"line":49,"column":63},"end":{"line":49,"column":64}}]}},"s":{"0":2,"1":2,"2":2,"3":2,"4":2,"5":2,"6":2,"7":0,"8":0,"9":0,"10":0,"11":0,"12":0,"13":0,"14":0,"15":0,"16":0,"17":0,"18":0,"19":0,"20":0,"21":0,"22":0,"23":0,"24":0,"25":0,"26":0,"27":0,"28":0,"29":0,"30":0,"31":0,"32":0,"33":0,"34":0,"35":0,"36":0,"37":2},"f":{"0":0,"1":0,"2":0,"3":0,"4":0,"5":0,"6":0,"7":0,"8":0},"b":{"0":[0,0],"1":[0,0],"2":[0,0],"3":[0],"4":[0],"5":[0],"6":[0,0]}}
,"C:\\sema\\yandex_frontend\\stellar-burgers\\src\\components\\burger-constructor\\index.ts": {"path":"C:\\sema\\yandex_frontend\\stellar-burgers\\src\\components\\burger-constructor\\index.ts","statementMap":{"0":{"start":{"line":1,"column":0},"end":{"line":1,"column":9}},"1":{"start":{"line":1,"column":9},"end":{"line":1,"column":57}}},"fnMap":{"0":{"name":"(anonymous_0)","decl":{"start":{"line":1,"column":9},"end":{"line":1,"column":26}},"loc":{"start":{"line":1,"column":9},"end":{"line":1,"column":57}}}},"branchMap":{},"s":{"0":2,"1":2},"f":{"0":0},"b":{}}
,"C:\\sema\\yandex_frontend\\stellar-burgers\\src\\components\\burger-constructor-element\\burger-constructor-element.tsx": {"path":"C:\\sema\\yandex_frontend\\stellar-burgers\\src\\components\\burger-constructor-element\\burger-constructor-element.tsx","statementMap":{"0":{"start":{"line":1,"column":0},"end":{"line":1,"column":33}},"1":{"start":{"line":2,"column":0},"end":{"line":2,"column":49}},"2":{"start":{"line":4,"column":0},"end":{"line":4,"column":null}},"3":{"start":{"line":8,"column":0},"end":{"line":8,"column":51}},"4":{"start":{"line":10,"column":13},"end":{"line":40,"column":2}},"5":{"start":{"line":11,"column":15},"end":{"line":11,"column":17}},"6":{"start":{"line":11,"column":22},"end":{"line":11,"column":24}},"7":{"start":{"line":11,"column":34},"end":{"line":11,"column":36}},"8":{"start":{"line":12,"column":21},"end":{"line":12,"column":34}},"9":{"start":{"line":13,"column":27},"end":{"line":17,"column":5}},"10":{"start":{"line":14,"column":6},"end":{"line":16,"column":null}},"11":{"start":{"line":15,"column":8},"end":{"line":15,"column":75}},"12":{"start":{"line":19,"column":25},"end":{"line":23,"column":5}},"13":{"start":{"line":20,"column":6},"end":{"line":22,"column":null}},"14":{"start":{"line":21,"column":8},"end":{"line":21,"column":75}},"15":{"start":{"line":25,"column":24},"end":{"line":27,"column":5}},"16":{"start":{"line":26,"column":6},"end":{"line":26,"column":48}},"17":{"start":{"line":29,"column":4},"end":{"line":38,"column":6}}},"fnMap":{"0":{"name":"(anonymous_0)","decl":{"start":{"line":11,"column":2},"end":{"line":11,"column":3}},"loc":{"start":{"line":11,"column":36},"end":{"line":39,"column":3}}},"1":{"name":"(anonymous_1)","decl":{"start":{"line":13,"column":27},"end":{"line":13,"column":null}},"loc":{"start":{"line":13,"column":27},"end":{"line":17,"column":5}}},"2":{"name":"(anonymous_2)","decl":{"start":{"line":19,"column":25},"end":{"line":19,"column":null}},"loc":{"start":{"line":19,"column":25},"end":{"line":23,"column":5}}},"3":{"name":"(anonymous_3)","decl":{"start":{"line":25,"column":24},"end":{"line":25,"column":null}},"loc":{"start":{"line":25,"column":24},"end":{"line":27,"column":5}}}},"branchMap":{"0":{"loc":{"start":{"line":14,"column":6},"end":{"line":16,"column":null}},"type":"if","locations":[{"start":{"line":14,"column":6},"end":{"line":16,"column":null}}]},"1":{"loc":{"start":{"line":20,"column":6},"end":{"line":22,"column":null}},"type":"if","locations":[{"start":{"line":20,"column":6},"end":{"line":22,"column":null}}]}},"s":{"0":2,"1":2,"2":2,"3":2,"4":2,"5":4,"6":4,"7":4,"8":4,"9":4,"10":0,"11":0,"12":4,"13":0,"14":0,"15":4,"16":0,"17":4},"f":{"0":4,"1":0,"2":0,"3":0},"b":{"0":[0],"1":[0]}}
,"C:\\sema\\yandex_frontend\\stellar-burgers\\src\\components\\burger-constructor-element\\index.ts": {"path":"C:\\sema\\yandex_frontend\\stellar-burgers\\src\\components\\burger-constructor-element\\index.ts","statementMap":{"0":{"start":{"line":1,"column":0},"end":{"line":1,"column":9}},"1":{"start":{"line":1,"column":9},"end":{"line":1,"column":72}}},"fnMap":{"0":{"name":"(anonymous_0)","decl":{"start":{"line":1,"column":9},"end":{"line":1,"column":33}},"loc":{"start":{"line":1,"column":9},"end":{"line":1,"column":72}}}},"branchMap":{},"s":{"0":2,"1":6},"f":{"0":4},"b":{}}
,"C:\\sema\\yandex_frontend\\stellar-burgers\\src\\components\\burger-ingredient\\burger-ingredient.tsx": {"path":"C:\\sema\\yandex_frontend\\stellar-burgers\\src\\components\\burger-ingredient\\burger-ingredient.tsx","statementMap":{"0":{"start":{"line":1,"column":0},"end":{"line":1,"column":33}},"1":{"start":{"line":2,"column":0},"end":{"line":2,"column":47}},"2":{"start":{"line":4,"column":0},"end":{"line":4,"column":41}},"3":{"start":{"line":6,"column":0},"end":{"line":6,"column":66}},"4":{"start":{"line":7,"column":0},"end":{"line":7,"column":51}},"5":{"start":{"line":9,"column":13},"end":{"line":27,"column":2}},"6":{"start":{"line":10,"column":15},"end":{"line":10,"column":17}},"7":{"start":{"line":10,"column":22},"end":{"line":10,"column":24}},"8":{"start":{"line":11,"column":21},"end":{"line":11,"column":34}},"9":{"start":{"line":12,"column":21},"end":{"line":12,"column":34}},"10":{"start":{"line":14,"column":22},"end":{"line":16,"column":5}},"11":{"start":{"line":15,"column":6},"end":{"line":15,"column":42}},"12":{"start":{"line":18,"column":4},"end":{"line":25,"column":6}}},"fnMap":{"0":{"name":"(anonymous_0)","decl":{"start":{"line":10,"column":2},"end":{"line":10,"column":3}},"loc":{"start":{"line":10,"column":24},"end":{"line":26,"column":3}}},"1":{"name":"(anonymous_1)","decl":{"start":{"line":14,"column":22},"end":{"line":14,"column":null}},"loc":{"start":{"line":14,"column":22},"end":{"line":16,"column":5}}}},"branchMap":{},"s":{"0":2,"1":2,"2":2,"3":2,"4":2,"5":2,"6":0,"7":0,"8":0,"9":0,"10":0,"11":0,"12":0},"f":{"0":0,"1":0},"b":{}}
,"C:\\sema\\yandex_frontend\\stellar-burgers\\src\\components\\burger-ingredient\\index.ts": {"path":"C:\\sema\\yandex_frontend\\stellar-burgers\\src\\components\\burger-ingredient\\index.ts","statementMap":{"0":{"start":{"line":1,"column":0},"end":{"line":1,"column":9}},"1":{"start":{"line":1,"column":9},"end":{"line":1,"column":55}}},"fnMap":{"0":{"name":"(anonymous_0)","decl":{"start":{"line":1,"column":9},"end":{"line":1,"column":25}},"loc":{"start":{"line":1,"column":9},"end":{"line":1,"column":55}}}},"branchMap":{},"s":{"0":2,"1":2},"f":{"0":0},"b":{}}
,"C:\\sema\\yandex_frontend\\stellar-burgers\\src\\components\\burger-ingredients\\burger-ingredients.tsx": {"path":"C:\\sema\\yandex_frontend\\stellar-burgers\\src\\components\\burger-ingredients\\burger-ingredients.tsx","statementMap":{"0":{"start":{"line":1,"column":0},"end":{"line":1,"column":56}},"1":{"start":{"line":2,"column":0},"end":{"line":2,"column":56}},"2":{"start":{"line":4,"column":0},"end":{"line":4,"column":63}},"3":{"start":{"line":5,"column":0},"end":{"line":5,"column":51}},"4":{"start":{"line":8,"column":37},"end":{"line":76,"column":1}},"5":{"start":{"line":9,"column":42},"end":{"line":10,"column":null}},"6":{"start":{"line":10,"column":26},"end":{"line":10,"column":null}},"7":{"start":{"line":9,"column":21},"end":{"line":9,"column":23}},"8":{"start":{"line":9,"column":30},"end":{"line":9,"column":32}},"9":{"start":{"line":9,"column":37},"end":{"line":9,"column":42}},"10":{"start":{"line":12,"column":15},"end":{"line":12,"column":64}},"11":{"start":{"line":12,"column":44},"end":{"line":12,"column":64}},"12":{"start":{"line":13,"column":16},"end":{"line":13,"column":66}},"13":{"start":{"line":13,"column":45},"end":{"line":13,"column":66}},"14":{"start":{"line":14,"column":17},"end":{"line":14,"column":68}},"15":{"start":{"line":14,"column":46},"end":{"line":14,"column":68}},"16":{"start":{"line":16,"column":38},"end":{"line":16,"column":63}},"17":{"start":{"line":16,"column":19},"end":{"line":16,"column":21}},"18":{"start":{"line":16,"column":34},"end":{"line":16,"column":38}},"19":{"start":{"line":17,"column":22},"end":{"line":17,"column":54}},"20":{"start":{"line":18,"column":23},"end":{"line":18,"column":55}},"21":{"start":{"line":19,"column":25},"end":{"line":19,"column":57}},"22":{"start":{"line":21,"column":32},"end":{"line":23,"column":4}},"23":{"start":{"line":21,"column":16},"end":{"line":21,"column":18}},"24":{"start":{"line":21,"column":28},"end":{"line":21,"column":32}},"25":{"start":{"line":25,"column":36},"end":{"line":27,"column":4}},"26":{"start":{"line":25,"column":17},"end":{"line":25,"column":19}},"27":{"start":{"line":25,"column":32},"end":{"line":25,"column":36}},"28":{"start":{"line":29,"column":36},"end":{"line":31,"column":4}},"29":{"start":{"line":29,"column":18},"end":{"line":29,"column":20}},"30":{"start":{"line":29,"column":32},"end":{"line":29,"column":36}},"31":{"start":{"line":33,"column":2},"end":{"line":41,"column":48}},"32":{"start":{"line":34,"column":4},"end":{"line":40,"column":null}},"33":{"start":{"line":35,"column":6},"end":{"line":35,"column":27}},"34":{"start":{"line":36,"column":11},"end":{"line":40,"column":null}},"35":{"start":{"line":37,"column":6},"end":{"line":37,"column":29}},"36":{"start":{"line":38,"column":11},"end":{"line":40,"column":null}},"37":{"start":{"line":39,"column":6},"end":{"line":39,"column":28}},"38":{"start":{"line":43,"column":21},"end":{"line":51,"column":3}},"39":{"start":{"line":44,"column":4},"end":{"line":44,"column":35}},"40":{"start":{"line":45,"column":4},"end":{"line":46,"column":66}},"41":{"start":{"line":46,"column":6},"end":{"line":46,"column":66}},"42":{"start":{"line":47,"column":4},"end":{"line":48,"column":67}},"43":{"start":{"line":48,"column":6},"end":{"line":48,"column":67}},"44":{"start":{"line":49,"column":4},"end":{"line":50,"column":69}},"45":{"start":{"line":50,"column":6},"end":{"line":50,"column":69}},"46":{"start":{"line":53,"column":2},"end":{"line":55,"column":null}},"47":{"start":{"line":54,"column":4},"end":{"line":54,"column":34}},"48":{"start":{"line":57,"column":2},"end":{"line":59,"column":null}},"49":{"start":{"line":58,"column":4},"end":{"line":58,"column":38}},"50":{"start":{"line":61,"column":2},"end":{"line":75,"column":4}},"51":{"start":{"line":8,"column":13},"end":{"line":8,"column":37}}},"fnMap":{"0":{"name":"(anonymous_0)","decl":{"start":{"line":8,"column":37},"end":{"line":8,"column":null}},"loc":{"start":{"line":8,"column":37},"end":{"line":76,"column":1}}},"1":{"name":"(anonymous_1)","decl":{"start":{"line":10,"column":4},"end":{"line":10,"column":5}},"loc":{"start":{"line":10,"column":21},"end":{"line":10,"column":31}}},"2":{"name":"(anonymous_2)","decl":{"start":{"line":12,"column":34},"end":{"line":12,"column":35}},"loc":{"start":{"line":12,"column":39},"end":{"line":12,"column":48}}},"3":{"name":"(anonymous_3)","decl":{"start":{"line":13,"column":35},"end":{"line":13,"column":36}},"loc":{"start":{"line":13,"column":40},"end":{"line":13,"column":49}}},"4":{"name":"(anonymous_4)","decl":{"start":{"line":14,"column":36},"end":{"line":14,"column":37}},"loc":{"start":{"line":14,"column":41},"end":{"line":14,"column":50}}},"5":{"name":"(anonymous_5)","decl":{"start":{"line":33,"column":12},"end":{"line":33,"column":null}},"loc":{"start":{"line":33,"column":12},"end":{"line":41,"column":3}}},"6":{"name":"(anonymous_6)","decl":{"start":{"line":43,"column":21},"end":{"line":43,"column":22}},"loc":{"start":{"line":43,"column":33},"end":{"line":51,"column":3}}}},"branchMap":{"0":{"loc":{"start":{"line":34,"column":4},"end":{"line":40,"column":null}},"type":"if","locations":[{"start":{"line":34,"column":4},"end":{"line":40,"column":null}},{"start":{"line":36,"column":11},"end":{"line":40,"column":null}}]},"1":{"loc":{"start":{"line":36,"column":11},"end":{"line":40,"column":null}},"type":"if","locations":[{"start":{"line":36,"column":11},"end":{"line":40,"column":null}},{"start":{"line":38,"column":11},"end":{"line":40,"column":null}}]},"2":{"loc":{"start":{"line":38,"column":11},"end":{"line":40,"column":null}},"type":"if","locations":[{"start":{"line":38,"column":11},"end":{"line":40,"column":null}}]},"3":{"loc":{"start":{"line":45,"column":4},"end":{"line":46,"column":66}},"type":"if","locations":[{"start":{"line":45,"column":4},"end":{"line":46,"column":66}}]},"4":{"loc":{"start":{"line":46,"column":6},"end":{"line":46,"column":65}},"type":"cond-expr","locations":[{"start":{"line":46,"column":25},"end":{"line":46,"column":27}},{"start":{"line":46,"column":25},"end":{"line":46,"column":65}}]},"5":{"loc":{"start":{"line":46,"column":6},"end":{"line":46,"column":27}},"type":"binary-expr","locations":[{"start":{"line":46,"column":6},"end":{"line":46,"column":27}},{"start":{"line":46,"column":25},"end":{"line":46,"column":27}}]},"6":{"loc":{"start":{"line":47,"column":4},"end":{"line":48,"column":67}},"type":"if","locations":[{"start":{"line":47,"column":4},"end":{"line":48,"column":67}}]},"7":{"loc":{"start":{"line":48,"column":6},"end":{"line":48,"column":66}},"type":"cond-expr","locations":[{"start":{"line":48,"column":26},"end":{"line":48,"column":28}},{"start":{"line":48,"column":26},"end":{"line":48,"column":66}}]},"8":{"loc":{"start":{"line":48,"column":6},"end":{"line":48,"column":28}},"type":"binary-expr","locations":[{"start":{"line":48,"column":6},"end":{"line":48,"column":28}},{"start":{"line":48,"column":26},"end":{"line":48,"column":28}}]},"9":{"loc":{"start":{"line":49,"column":4},"end":{"line":50,"column":69}},"type":"if","locations":[{"start":{"line":49,"column":4},"end":{"line":50,"column":69}}]},"10":{"loc":{"start":{"line":50,"column":6},"end":{"line":50,"column":68}},"type":"cond-expr","locations":[{"start":{"line":50,"column":28},"end":{"line":50,"column":30}},{"start":{"line":50,"column":28},"end":{"line":50,"column":68}}]},"11":{"loc":{"start":{"line":50,"column":6},"end":{"line":50,"column":30}},"type":"binary-expr","locations":[{"start":{"line":50,"column":6},"end":{"line":50,"column":30}},{"start":{"line":50,"column":28},"end":{"line":50,"column":30}}]},"12":{"loc":{"start":{"line":53,"column":2},"end":{"line":55,"column":null}},"type":"if","locations":[{"start":{"line":53,"column":2},"end":{"line":55,"column":null}}]},"13":{"loc":{"start":{"line":57,"column":2},"end":{"line":59,"column":null}},"type":"if","locations":[{"start":{"line":57,"column":2},"end":{"line":59,"column":null}}]}},"s":{"0":2,"1":2,"2":2,"3":2,"4":2,"5":0,"6":0,"7":0,"8":0,"9":0,"10":0,"11":0,"12":0,"13":0,"14":0,"15":0,"16":0,"17":0,"18":0,"19":0,"20":0,"21":0,"22":0,"23":0,"24":0,"25":0,"26":0,"27":0,"28":0,"29":0,"30":0,"31":0,"32":0,"33":0,"34":0,"35":0,"36":0,"37":0,"38":0,"39":0,"40":0,"41":0,"42":0,"43":0,"44":0,"45":0,"46":0,"47":0,"48":0,"49":0,"50":0,"51":2},"f":{"0":0,"1":0,"2":0,"3":0,"4":0,"5":0,"6":0},"b":{"0":[0,0],"1":[0,0],"2":[0],"3":[0],"4":[0,0],"5":[0,0],"6":[0],"7":[0,0],"8":[0,0],"9":[0],"10":[0,0],"11":[0,0],"12":[0],"13":[0]}}
,"C:\\sema\\yandex_frontend\\stellar-burgers\\src\\components\\burger-ingredients\\index.ts": {"path":"C:\\sema\\yandex_frontend\\stellar-burgers\\src\\components\\burger-ingredients\\index.ts","statementMap":{"0":{"start":{"line":1,"column":0},"end":{"line":1,"column":9}},"1":{"start":{"line":1,"column":9},"end":{"line":1,"column":57}}},"fnMap":{"0":{"name":"(anonymous_0)","decl":{"start":{"line":1,"column":9},"end":{"line":1,"column":26}},"loc":{"start":{"line":1,"column":9},"end":{"line":1,"column":57}}}},"branchMap":{},"s":{"0":2,"1":2},"f":{"0":0},"b":{}}
,"C:\\sema\\yandex_frontend\\stellar-burgers\\src\\components\\feed-info\\feed-info.tsx": {"path":"C:\\sema\\yandex_frontend\\stellar-burgers\\src\\components\\feed-info\\feed-info.tsx","statementMap":{"0":{"start":{"line":4,"column":0},"end":{"line":4,"column":45}},"1":{"start":{"line":5,"column":0},"end":{"line":5,"column":51}},"2":{"start":{"line":8,"column":18},"end":{"line":9,"column":8}},"3":{"start":{"line":9,"column":2},"end":{"line":12,"column":18}},"4":{"start":{"line":10,"column":22},"end":{"line":10,"column":45}},"5":{"start":{"line":11,"column":19},"end":{"line":11,"column":31}},"6":{"start":{"line":14,"column":28},"end":{"line":28,"column":1}},"7":{"start":{"line":15,"column":19},"end":{"line":15,"column":67}},"8":{"start":{"line":15,"column":53},"end":{"line":15,"column":66}},"9":{"start":{"line":16,"column":40},"end":{"line":16,"column":45}},"10":{"start":{"line":18,"column":22},"end":{"line":18,"column":47}},"11":{"start":{"line":19,"column":24},"end":{"line":19,"column":52}},"12":{"start":{"line":21,"column":2},"end":{"line":27,"column":4}},"13":{"start":{"line":14,"column":13},"end":{"line":14,"column":28}}},"fnMap":{"0":{"name":"(anonymous_0)","decl":{"start":{"line":8,"column":18},"end":{"line":8,"column":19}},"loc":{"start":{"line":8,"column":51},"end":{"line":9,"column":8}}},"1":{"name":"(anonymous_1)","decl":{"start":{"line":10,"column":12},"end":{"line":10,"column":13}},"loc":{"start":{"line":10,"column":17},"end":{"line":10,"column":26}}},"2":{"name":"(anonymous_2)","decl":{"start":{"line":11,"column":9},"end":{"line":11,"column":10}},"loc":{"start":{"line":11,"column":14},"end":{"line":11,"column":23}}},"3":{"name":"(anonymous_3)","decl":{"start":{"line":14,"column":28},"end":{"line":14,"column":null}},"loc":{"start":{"line":14,"column":28},"end":{"line":28,"column":1}}},"4":{"name":"(anonymous_4)","decl":{"start":{"line":15,"column":31},"end":{"line":15,"column":32}},"loc":{"start":{"line":15,"column":48},"end":{"line":15,"column":58}}}},"branchMap":{},"s":{"0":2,"1":2,"2":2,"3":0,"4":0,"5":0,"6":2,"7":0,"8":0,"9":0,"10":0,"11":0,"12":0,"13":2},"f":{"0":0,"1":0,"2":0,"3":0,"4":0},"b":{}}
,"C:\\sema\\yandex_frontend\\stellar-burgers\\src\\components\\feed-info\\index.ts": {"path":"C:\\sema\\yandex_frontend\\stellar-burgers\\src\\components\\feed-info\\index.ts","statementMap":{"0":{"start":{"line":1,"column":0},"end":{"line":1,"column":9}},"1":{"start":{"line":1,"column":9},"end":{"line":1,"column":39}}},"fnMap":{"0":{"name":"(anonymous_0)","decl":{"start":{"line":1,"column":9},"end":{"line":1,"column":17}},"loc":{"start":{"line":1,"column":9},"end":{"line":1,"column":39}}}},"branchMap":{},"s":{"0":2,"1":2},"f":{"0":0},"b":{}}
,"C:\\sema\\yandex_frontend\\stellar-burgers\\src\\components\\ingredient-details\\index.ts": {"path":"C:\\sema\\yandex_frontend\\stellar-burgers\\src\\components\\ingredient-details\\index.ts","statementMap":{"0":{"start":{"line":1,"column":0},"end":{"line":1,"column":9}},"1":{"start":{"line":1,"column":9},"end":{"line":1,"column":57}}},"fnMap":{"0":{"name":"(anonymous_0)","decl":{"start":{"line":1,"column":9},"end":{"line":1,"column":26}},"loc":{"start":{"line":1,"column":9},"end":{"line":1,"column":57}}}},"branchMap":{},"s":{"0":2,"1":2},"f":{"0":0},"b":{}}
,"C:\\sema\\yandex_frontend\\stellar-burgers\\src\\components\\ingredient-details\\ingredient-details.tsx": {"path":"C:\\sema\\yandex_frontend\\stellar-burgers\\src\\components\\ingredient-details\\ingredient-details.tsx","statementMap":{"0":{"start":{"line":2,"column":0},"end":{"line":2,"column":44}},"1":{"start":{"line":3,"column":0},"end":{"line":3,"column":63}},"2":{"start":{"line":4,"column":0},"end":{"line":4,"column":53}},"3":{"start":{"line":5,"column":0},"end":{"line":5,"column":51}},"4":{"start":{"line":8,"column":37},"end":{"line":29,"column":1}},"5":{"start":{"line":9,"column":17},"end":{"line":9,"column":37}},"6":{"start":{"line":10,"column":42},"end":{"line":11,"column":null}},"7":{"start":{"line":11,"column":26},"end":{"line":11,"column":null}},"8":{"start":{"line":10,"column":21},"end":{"line":10,"column":23}},"9":{"start":{"line":10,"column":30},"end":{"line":10,"column":32}},"10":{"start":{"line":10,"column":37},"end":{"line":10,"column":42}},"11":{"start":{"line":14,"column":25},"end":{"line":14,"column":62}},"12":{"start":{"line":14,"column":49},"end":{"line":14,"column":62}},"13":{"start":{"line":16,"column":2},"end":{"line":18,"column":null}},"14":{"start":{"line":17,"column":4},"end":{"line":17,"column":25}},"15":{"start":{"line":20,"column":2},"end":{"line":22,"column":null}},"16":{"start":{"line":21,"column":4},"end":{"line":21,"column":34}},"17":{"start":{"line":24,"column":2},"end":{"line":26,"column":null}},"18":{"start":{"line":25,"column":4},"end":{"line":25,"column":38}},"19":{"start":{"line":28,"column":2},"end":{"line":28,"column":65}},"20":{"start":{"line":8,"column":13},"end":{"line":8,"column":37}}},"fnMap":{"0":{"name":"(anonymous_0)","decl":{"start":{"line":8,"column":37},"end":{"line":8,"column":null}},"loc":{"start":{"line":8,"column":37},"end":{"line":29,"column":1}}},"1":{"name":"(anonymous_1)","decl":{"start":{"line":11,"column":4},"end":{"line":11,"column":5}},"loc":{"start":{"line":11,"column":21},"end":{"line":11,"column":31}}},"2":{"name":"(anonymous_2)","decl":{"start":{"line":14,"column":42},"end":{"line":14,"column":43}},"loc":{"start":{"line":14,"column":44},"end":{"line":14,"column":50}}}},"branchMap":{"0":{"loc":{"start":{"line":16,"column":2},"end":{"line":18,"column":null}},"type":"if","locations":[{"start":{"line":16,"column":2},"end":{"line":18,"column":null}}]},"1":{"loc":{"start":{"line":20,"column":2},"end":{"line":22,"column":null}},"type":"if","locations":[{"start":{"line":20,"column":2},"end":{"line":22,"column":null}}]},"2":{"loc":{"start":{"line":24,"column":2},"end":{"line":26,"column":null}},"type":"if","locations":[{"start":{"line":24,"column":2},"end":{"line":26,"column":null}}]}},"s":{"0":2,"1":2,"2":2,"3":2,"4":2,"5":0,"6":0,"7":0,"8":0,"9":0,"10":0,"11":0,"12":0,"13":0,"14":0,"15":0,"16":0,"17":0,"18":0,"19":0,"20":2},"f":{"0":0,"1":0,"2":0},"b":{"0":[0],"1":[0],"2":[0]}}
,"C:\\sema\\yandex_frontend\\stellar-burgers\\src\\components\\ingredients-category\\index.ts": {"path":"C:\\sema\\yandex_frontend\\stellar-burgers\\src\\components\\ingredients-category\\index.ts","statementMap":{"0":{"start":{"line":1,"column":0},"end":{"line":1,"column":9}},"1":{"start":{"line":1,"column":9},"end":{"line":1,"column":61}}},"fnMap":{"0":{"name":"(anonymous_0)","decl":{"start":{"line":1,"column":9},"end":{"line":1,"column":28}},"loc":{"start":{"line":1,"column":9},"end":{"line":1,"column":61}}}},"branchMap":{},"s":{"0":2,"1":2},"f":{"0":0},"b":{}}
,"C:\\sema\\yandex_frontend\\stellar-burgers\\src\\components\\ingredients-category\\ingredients-category.tsx": {"path":"C:\\sema\\yandex_frontend\\stellar-burgers\\src\\components\\ingredients-category\\ingredients-category.tsx","statementMap":{"0":{"start":{"line":1,"column":0},"end":{"line":1,"column":44}},"1":{"start":{"line":4,"column":0},"end":{"line":4,"column":67}},"2":{"start":{"line":5,"column":0},"end":{"line":5,"column":51}},"3":{"start":{"line":8,"column":13},"end":{"line":34,"column":3}},"4":{"start":{"line":11,"column":10},"end":{"line":11,"column":12}},"5":{"start":{"line":11,"column":20},"end":{"line":11,"column":22}},"6":{"start":{"line":11,"column":33},"end":{"line":11,"column":35}},"7":{"start":{"line":12,"column":31},"end":{"line":12,"column":79}},"8":{"start":{"line":12,"column":65},"end":{"line":12,"column":78}},"9":{"start":{"line":14,"column":30},"end":{"line":23,"column":24}},"10":{"start":{"line":15,"column":33},"end":{"line":15,"column":50}},"11":{"start":{"line":16,"column":48},"end":{"line":16,"column":50}},"12":{"start":{"line":17,"column":4},"end":{"line":20,"column":7}},"13":{"start":{"line":18,"column":6},"end":{"line":18,"column":66}},"14":{"start":{"line":18,"column":37},"end":{"line":18,"column":66}},"15":{"start":{"line":19,"column":6},"end":{"line":19,"column":33}},"16":{"start":{"line":21,"column":4},"end":{"line":21,"column":35}},"17":{"start":{"line":21,"column":13},"end":{"line":21,"column":35}},"18":{"start":{"line":22,"column":4},"end":{"line":22,"column":20}},"19":{"start":{"line":25,"column":2},"end":{"line":33,"column":4}}},"fnMap":{"0":{"name":"(anonymous_0)","decl":{"start":{"line":11,"column":2},"end":{"line":11,"column":3}},"loc":{"start":{"line":11,"column":40},"end":{"line":34,"column":1}}},"1":{"name":"(anonymous_1)","decl":{"start":{"line":12,"column":43},"end":{"line":12,"column":44}},"loc":{"start":{"line":12,"column":60},"end":{"line":12,"column":70}}},"2":{"name":"(anonymous_2)","decl":{"start":{"line":14,"column":38},"end":{"line":14,"column":null}},"loc":{"start":{"line":14,"column":38},"end":{"line":23,"column":3}}},"3":{"name":"(anonymous_3)","decl":{"start":{"line":17,"column":24},"end":{"line":17,"column":25}},"loc":{"start":{"line":17,"column":48},"end":{"line":20,"column":5}}}},"branchMap":{"0":{"loc":{"start":{"line":18,"column":6},"end":{"line":18,"column":66}},"type":"if","locations":[{"start":{"line":18,"column":6},"end":{"line":18,"column":66}}]},"1":{"loc":{"start":{"line":21,"column":4},"end":{"line":21,"column":35}},"type":"if","locations":[{"start":{"line":21,"column":4},"end":{"line":21,"column":35}}]}},"s":{"0":2,"1":2,"2":2,"3":2,"4":0,"5":0,"6":0,"7":0,"8":0,"9":0,"10":0,"11":0,"12":0,"13":0,"14":0,"15":0,"16":0,"17":0,"18":0,"19":0},"f":{"0":0,"1":0,"2":0,"3":0},"b":{"0":[0],"1":[0]}}
,"C:\\sema\\yandex_frontend\\stellar-burgers\\src\\components\\modal\\index.ts": {"path":"C:\\sema\\yandex_frontend\\stellar-burgers\\src\\components\\modal\\index.ts","statementMap":{"0":{"start":{"line":1,"column":0},"end":{"line":1,"column":9}},"1":{"start":{"line":1,"column":9},"end":{"line":1,"column":32}}},"fnMap":{"0":{"name":"(anonymous_0)","decl":{"start":{"line":1,"column":9},"end":{"line":1,"column":14}},"loc":{"start":{"line":1,"column":9},"end":{"line":1,"column":32}}}},"branchMap":{},"s":{"0":2,"1":2},"f":{"0":0},"b":{}}
,"C:\\sema\\yandex_frontend\\stellar-burgers\\src\\components\\modal\\modal.tsx": {"path":"C:\\sema\\yandex_frontend\\stellar-burgers\\src\\components\\modal\\modal.tsx","statementMap":{"0":{"start":{"line":1,"column":0},"end":{"line":1,"column":44}},"1":{"start":{"line":2,"column":0},"end":{"line":2,"column":33}},"2":{"start":{"line":5,"column":0},"end":{"line":5,"column":30}},"3":{"start":{"line":7,"column":13},"end":{"line":31,"column":3}},"4":{"start":{"line":7,"column":51},"end":{"line":7,"column":53}},"5":{"start":{"line":7,"column":60},"end":{"line":7,"column":62}},"6":{"start":{"line":7,"column":70},"end":{"line":7,"column":72}},"7":{"start":{"line":8,"column":20},"end":{"line":8,"column":53}},"8":{"start":{"line":10,"column":2},"end":{"line":19,"column":16}},"9":{"start":{"line":11,"column":22},"end":{"line":13,"column":5}},"10":{"start":{"line":12,"column":6},"end":{"line":12,"column":38}},"11":{"start":{"line":15,"column":4},"end":{"line":15,"column":52}},"12":{"start":{"line":16,"column":4},"end":{"line":18,"column":6}},"13":{"start":{"line":17,"column":6},"end":{"line":17,"column":57}},"14":{"start":{"line":21,"column":2},"end":{"line":23,"column":null}},"15":{"start":{"line":22,"column":4},"end":{"line":22,"column":16}},"16":{"start":{"line":25,"column":2},"end":{"line":30,"column":4}}},"fnMap":{"0":{"name":"(anonymous_3)","decl":{"start":{"line":7,"column":43},"end":{"line":7,"column":44}},"loc":{"start":{"line":7,"column":72},"end":{"line":31,"column":1}}},"1":{"name":"(anonymous_4)","decl":{"start":{"line":10,"column":12},"end":{"line":10,"column":null}},"loc":{"start":{"line":10,"column":12},"end":{"line":19,"column":3}}},"2":{"name":"(anonymous_5)","decl":{"start":{"line":11,"column":22},"end":{"line":11,"column":23}},"loc":{"start":{"line":11,"column":39},"end":{"line":13,"column":5}}},"3":{"name":"(anonymous_6)","decl":{"start":{"line":16,"column":11},"end":{"line":16,"column":null}},"loc":{"start":{"line":16,"column":11},"end":{"line":18,"column":5}}}},"branchMap":{"0":{"loc":{"start":{"line":12,"column":6},"end":{"line":12,"column":37}},"type":"binary-expr","locations":[{"start":{"line":12,"column":6},"end":{"line":12,"column":24}},{"start":{"line":12,"column":28},"end":{"line":12,"column":37}}]},"1":{"loc":{"start":{"line":21,"column":2},"end":{"line":23,"column":null}},"type":"if","locations":[{"start":{"line":21,"column":2},"end":{"line":23,"column":null}}]}},"s":{"0":2,"1":2,"2":2,"3":2,"4":0,"5":0,"6":0,"7":0,"8":0,"9":0,"10":0,"11":0,"12":0,"13":0,"14":0,"15":0,"16":0},"f":{"0":0,"1":0,"2":0,"3":0},"b":{"0":[0,0],"1":[0]}}
,"C:\\sema\\yandex_frontend\\stellar-burgers\\src\\components\\order-card\\index.ts": {"path":"C:\\sema\\yandex_frontend\\stellar-burgers\\src\\components\\order-card\\index.ts","statementMap":{"0":{"start":{"line":1,"column":0},"end":{"line":1,"column":9}},"1":{"start":{"line":1,"column":9},"end":{"line":1,"column":41}}},"fnMap":{"0":{"name":"(anonymous_0)","decl":{"start":{"line":1,"column":9},"end":{"line":1,"column":18}},"loc":{"start":{"line":1,"column":9},"end":{"line":1,"column":41}}}},"branchMap":{},"s":{"0":2,"1":2},"f":{"0":0},"b":{}}
,"C:\\sema\\yandex_frontend\\stellar-burgers\\src\\components\\order-card\\order-card.tsx": {"path":"C:\\sema\\yandex_frontend\\stellar-burgers\\src\\components\\order-card\\order-card.tsx","statementMap":{"0":{"start":{"line":1,"column":0},"end":{"line":1,"column":42}},"1":{"start":{"line":2,"column":0},"end":{"line":2,"column":47}},"2":{"start":{"line":6,"column":0},"end":{"line":6,"column":47}},"3":{"start":{"line":7,"column":0},"end":{"line":7,"column":51}},"4":{"start":{"line":10,"column":23},"end":{"line":10,"column":24}},"5":{"start":{"line":12,"column":13},"end":{"line":58,"column":3}},"6":{"start":{"line":12,"column":58},"end":{"line":12,"column":60}},"7":{"start":{"line":13,"column":19},"end":{"line":13,"column":32}},"8":{"start":{"line":15,"column":26},"end":{"line":15,"column":74}},"9":{"start":{"line":15,"column":60},"end":{"line":15,"column":73}},"10":{"start":{"line":17,"column":20},"end":{"line":47,"column":26}},"11":{"start":{"line":18,"column":4},"end":{"line":18,"column":41}},"12":{"start":{"line":18,"column":29},"end":{"line":18,"column":41}},"13":{"start":{"line":20,"column":28},"end":{"line":26,"column":null}},"14":{"start":{"line":22,"column":27},"end":{"line":22,"column":70}},"15":{"start":{"line":22,"column":53},"end":{"line":22,"column":70}},"16":{"start":{"line":23,"column":8},"end":{"line":23,"column":52}},"17":{"start":{"line":23,"column":24},"end":{"line":23,"column":52}},"18":{"start":{"line":24,"column":8},"end":{"line":24,"column":19}},"19":{"start":{"line":29,"column":18},"end":{"line":29,"column":76}},"20":{"start":{"line":29,"column":56},"end":{"line":29,"column":74}},"21":{"start":{"line":31,"column":30},"end":{"line":31,"column":70}},"22":{"start":{"line":34,"column":6},"end":{"line":36,"column":11}},"23":{"start":{"line":38,"column":17},"end":{"line":38,"column":42}},"24":{"start":{"line":39,"column":4},"end":{"line":45,"column":null}},"25":{"start":{"line":49,"column":2},"end":{"line":49,"column":30}},"26":{"start":{"line":49,"column":18},"end":{"line":49,"column":30}},"27":{"start":{"line":51,"column":2},"end":{"line":57,"column":4}}},"fnMap":{"0":{"name":"(anonymous_3)","decl":{"start":{"line":12,"column":50},"end":{"line":12,"column":51}},"loc":{"start":{"line":12,"column":60},"end":{"line":58,"column":1}}},"1":{"name":"(anonymous_4)","decl":{"start":{"line":15,"column":38},"end":{"line":15,"column":39}},"loc":{"start":{"line":15,"column":55},"end":{"line":15,"column":65}}},"2":{"name":"(anonymous_5)","decl":{"start":{"line":17,"column":28},"end":{"line":17,"column":null}},"loc":{"start":{"line":17,"column":28},"end":{"line":47,"column":3}}},"3":{"name":"(anonymous_6)","decl":{"start":{"line":21,"column":6},"end":{"line":21,"column":7}},"loc":{"start":{"line":21,"column":39},"end":{"line":25,"column":7}}},"4":{"name":"(anonymous_7)","decl":{"start":{"line":22,"column":44},"end":{"line":22,"column":45}},"loc":{"start":{"line":22,"column":48},"end":{"line":22,"column":56}}},"5":{"name":"(anonymous_8)","decl":{"start":{"line":29,"column":41},"end":{"line":29,"column":42}},"loc":{"start":{"line":29,"column":51},"end":{"line":29,"column":59}}}},"branchMap":{"0":{"loc":{"start":{"line":18,"column":4},"end":{"line":18,"column":41}},"type":"if","locations":[{"start":{"line":18,"column":4},"end":{"line":18,"column":41}}]},"1":{"loc":{"start":{"line":23,"column":8},"end":{"line":23,"column":52}},"type":"if","locations":[{"start":{"line":23,"column":8},"end":{"line":23,"column":52}}]},"2":{"loc":{"start":{"line":34,"column":6},"end":{"line":36,"column":11}},"type":"cond-expr","locations":[{"start":{"line":35,"column":10},"end":{"line":35,"column":49}},{"start":{"line":36,"column":10},"end":{"line":36,"column":11}}]},"3":{"loc":{"start":{"line":49,"column":2},"end":{"line":49,"column":30}},"type":"if","locations":[{"start":{"line":49,"column":2},"end":{"line":49,"column":30}}]}},"s":{"0":2,"1":2,"2":2,"3":2,"4":2,"5":2,"6":0,"7":0,"8":0,"9":0,"10":0,"11":0,"12":0,"13":0,"14":0,"15":0,"16":0,"17":0,"18":0,"19":0,"20":0,"21":0,"22":0,"23":0,"24":0,"25":0,"26":0,"27":0},"f":{"0":0,"1":0,"2":0,"3":0,"4":0,"5":0},"b":{"0":[0],"1":[0],"2":[0,0],"3":[0]}}
,"C:\\sema\\yandex_frontend\\stellar-burgers\\src\\components\\order-info\\index.ts": {"path":"C:\\sema\\yandex_frontend\\stellar-burgers\\src\\components\\order-info\\index.ts","statementMap":{"0":{"start":{"line":1,"column":0},"end":{"line":1,"column":9}},"1":{"start":{"line":1,"column":9},"end":{"line":1,"column":41}}},"fnMap":{"0":{"name":"(anonymous_0)","decl":{"start":{"line":1,"column":9},"end":{"line":1,"column":18}},"loc":{"start":{"line":1,"column":9},"end":{"line":1,"column":41}}}},"branchMap":{},"s":{"0":2,"1":2},"f":{"0":0},"b":{}}
,"C:\\sema\\yandex_frontend\\stellar-burgers\\src\\components\\order-info\\order-info.tsx": {"path":"C:\\sema\\yandex_frontend\\stellar-burgers\\src\\components\\order-info\\order-info.tsx","statementMap":{"0":{"start":{"line":1,"column":0},"end":{"line":1,"column":47}},"1":{"start":{"line":2,"column":0},"end":{"line":2,"column":44}},"2":{"start":{"line":3,"column":0},"end":{"line":3,"column":47}},"3":{"start":{"line":5,"column":0},"end":{"line":5,"column":51}},"4":{"start":{"line":6,"column":0},"end":{"line":6,"column":45}},"5":{"start":{"line":7,"column":0},"end":{"line":7,"column":71}},"6":{"start":{"line":8,"column":0},"end":{"line":8,"column":51}},"7":{"start":{"line":11,"column":29},"end":{"line":62,"column":1}},"8":{"start":{"line":12,"column":19},"end":{"line":12,"column":32}},"9":{"start":{"line":13,"column":36},"end":{"line":13,"column":72}},"10":{"start":{"line":13,"column":59},"end":{"line":13,"column":72}},"11":{"start":{"line":13,"column":22},"end":{"line":13,"column":24}},"12":{"start":{"line":13,"column":31},"end":{"line":13,"column":36}},"13":{"start":{"line":14,"column":26},"end":{"line":14,"column":74}},"14":{"start":{"line":14,"column":60},"end":{"line":14,"column":73}},"15":{"start":{"line":15,"column":17},"end":{"line":15,"column":43}},"16":{"start":{"line":17,"column":2},"end":{"line":19,"column":25}},"17":{"start":{"line":18,"column":4},"end":{"line":18,"column":41}},"18":{"start":{"line":21,"column":20},"end":{"line":55,"column":33}},"19":{"start":{"line":22,"column":4},"end":{"line":22,"column":58}},"20":{"start":{"line":22,"column":46},"end":{"line":22,"column":58}},"21":{"start":{"line":24,"column":17},"end":{"line":24,"column":49}},"22":{"start":{"line":26,"column":28},"end":{"line":41,"column":null}},"23":{"start":{"line":28,"column":8},"end":{"line":38,"column":null}},"24":{"start":{"line":29,"column":29},"end":{"line":29,"column":72}},"25":{"start":{"line":29,"column":55},"end":{"line":29,"column":72}},"26":{"start":{"line":30,"column":10},"end":{"line":35,"column":null}},"27":{"start":{"line":31,"column":12},"end":{"line":34,"column":14}},"28":{"start":{"line":37,"column":10},"end":{"line":37,"column":28}},"29":{"start":{"line":39,"column":8},"end":{"line":39,"column":19}},"30":{"start":{"line":44,"column":18},"end":{"line":46,"column":null}},"31":{"start":{"line":45,"column":21},"end":{"line":45,"column":null}},"32":{"start":{"line":49,"column":4},"end":{"line":53,"column":null}},"33":{"start":{"line":57,"column":2},"end":{"line":59,"column":null}},"34":{"start":{"line":58,"column":4},"end":{"line":58,"column":25}},"35":{"start":{"line":61,"column":2},"end":{"line":61,"column":47}},"36":{"start":{"line":11,"column":13},"end":{"line":11,"column":29}}},"fnMap":{"0":{"name":"(anonymous_2)","decl":{"start":{"line":11,"column":29},"end":{"line":11,"column":null}},"loc":{"start":{"line":11,"column":29},"end":{"line":62,"column":1}}},"1":{"name":"(anonymous_3)","decl":{"start":{"line":13,"column":48},"end":{"line":13,"column":49}},"loc":{"start":{"line":13,"column":54},"end":{"line":13,"column":64}}},"2":{"name":"(anonymous_4)","decl":{"start":{"line":14,"column":38},"end":{"line":14,"column":39}},"loc":{"start":{"line":14,"column":55},"end":{"line":14,"column":65}}},"3":{"name":"(anonymous_5)","decl":{"start":{"line":17,"column":12},"end":{"line":17,"column":null}},"loc":{"start":{"line":17,"column":12},"end":{"line":19,"column":3}}},"4":{"name":"(anonymous_6)","decl":{"start":{"line":21,"column":28},"end":{"line":21,"column":null}},"loc":{"start":{"line":21,"column":28},"end":{"line":55,"column":3}}},"5":{"name":"(anonymous_7)","decl":{"start":{"line":27,"column":6},"end":{"line":27,"column":7}},"loc":{"start":{"line":27,"column":68},"end":{"line":40,"column":7}}},"6":{"name":"(anonymous_8)","decl":{"start":{"line":29,"column":46},"end":{"line":29,"column":47}},"loc":{"start":{"line":29,"column":50},"end":{"line":29,"column":58}}},"7":{"name":"(anonymous_9)","decl":{"start":{"line":45,"column":6},"end":{"line":45,"column":7}},"loc":{"start":{"line":45,"column":16},"end":{"line":45,"column":24}}}},"branchMap":{"0":{"loc":{"start":{"line":22,"column":4},"end":{"line":22,"column":58}},"type":"if","locations":[{"start":{"line":22,"column":4},"end":{"line":22,"column":58}}]},"1":{"loc":{"start":{"line":22,"column":8},"end":{"line":22,"column":44}},"type":"binary-expr","locations":[{"start":{"line":22,"column":8},"end":{"line":22,"column":21}},{"start":{"line":22,"column":25},"end":{"line":22,"column":44}}]},"2":{"loc":{"start":{"line":28,"column":8},"end":{"line":38,"column":null}},"type":"if","locations":[{"start":{"line":28,"column":8},"end":{"line":38,"column":null}},{"start":{"line":36,"column":15},"end":{"line":38,"column":null}}]},"3":{"loc":{"start":{"line":30,"column":10},"end":{"line":35,"column":null}},"type":"if","locations":[{"start":{"line":30,"column":10},"end":{"line":35,"column":null}}]},"4":{"loc":{"start":{"line":57,"column":2},"end":{"line":59,"column":null}},"type":"if","locations":[{"start":{"line":57,"column":2},"end":{"line":59,"column":null}}]},"5":{"loc":{"start":{"line":57,"column":6},"end":{"line":57,"column":27}},"type":"binary-expr","locations":[{"start":{"line":57,"column":6},"end":{"line":57,"column":16}},{"start":{"line":57,"column":20},"end":{"line":57,"column":27}}]}},"s":{"0":2,"1":2,"2":2,"3":2,"4":2,"5":2,"6":2,"7":2,"8":0,"9":0,"10":0,"11":0,"12":0,"13":0,"14":0,"15":0,"16":0,"17":0,"18":0,"19":0,"20":0,"21":0,"22":0,"23":0,"24":0,"25":0,"26":0,"27":0,"28":0,"29":0,"30":0,"31":0,"32":0,"33":0,"34":0,"35":0,"36":2},"f":{"0":0,"1":0,"2":0,"3":0,"4":0,"5":0,"6":0,"7":0},"b":{"0":[0],"1":[0,0],"2":[0,0],"3":[0],"4":[0],"5":[0,0]}}
,"C:\\sema\\yandex_frontend\\stellar-burgers\\src\\components\\order-status\\index.ts": {"path":"C:\\sema\\yandex_frontend\\stellar-burgers\\src\\components\\order-status\\index.ts","statementMap":{"0":{"start":{"line":1,"column":0},"end":{"line":1,"column":9}},"1":{"start":{"line":1,"column":9},"end":{"line":1,"column":45}}},"fnMap":{"0":{"name":"(anonymous_0)","decl":{"start":{"line":1,"column":9},"end":{"line":1,"column":20}},"loc":{"start":{"line":1,"column":9},"end":{"line":1,"column":45}}}},"branchMap":{},"s":{"0":2,"1":2},"f":{"0":0},"b":{}}
,"C:\\sema\\yandex_frontend\\stellar-burgers\\src\\components\\order-status\\order-status.tsx": {"path":"C:\\sema\\yandex_frontend\\stellar-burgers\\src\\components\\order-status\\order-status.tsx","statementMap":{"0":{"start":{"line":3,"column":0},"end":{"line":3,"column":36}},"1":{"start":{"line":5,"column":46},"end":{"line":9,"column":2}},"2":{"start":{"line":11,"column":49},"end":{"line":25,"column":1}},"3":{"start":{"line":11,"column":58},"end":{"line":11,"column":60}},"4":{"start":{"line":12,"column":18},"end":{"line":12,"column":20}},"5":{"start":{"line":13,"column":2},"end":{"line":22,"column":null}},"6":{"start":{"line":15,"column":6},"end":{"line":15,"column":28}},"7":{"start":{"line":16,"column":6},"end":{"line":16,"column":12}},"8":{"start":{"line":18,"column":6},"end":{"line":18,"column":28}},"9":{"start":{"line":19,"column":6},"end":{"line":19,"column":12}},"10":{"start":{"line":21,"column":6},"end":{"line":21,"column":28}},"11":{"start":{"line":24,"column":2},"end":{"line":24,"column":78}},"12":{"start":{"line":11,"column":13},"end":{"line":11,"column":49}}},"fnMap":{"0":{"name":"(anonymous_0)","decl":{"start":{"line":11,"column":49},"end":{"line":11,"column":50}},"loc":{"start":{"line":11,"column":60},"end":{"line":25,"column":1}}}},"branchMap":{"0":{"loc":{"start":{"line":13,"column":2},"end":{"line":22,"column":null}},"type":"switch","locations":[{"start":{"line":14,"column":4},"end":{"line":16,"column":12}},{"start":{"line":17,"column":4},"end":{"line":19,"column":12}},{"start":{"line":20,"column":4},"end":{"line":21,"column":28}}]}},"s":{"0":2,"1":2,"2":2,"3":0,"4":0,"5":0,"6":0,"7":0,"8":0,"9":0,"10":0,"11":0,"12":2},"f":{"0":0},"b":{"0":[0,0,0]}}
,"C:\\sema\\yandex_frontend\\stellar-burgers\\src\\components\\orders-list\\index.ts": {"path":"C:\\sema\\yandex_frontend\\stellar-burgers\\src\\components\\orders-list\\index.ts","statementMap":{"0":{"start":{"line":1,"column":0},"end":{"line":1,"column":9}},"1":{"start":{"line":1,"column":9},"end":{"line":1,"column":43}}},"fnMap":{"0":{"name":"(anonymous_0)","decl":{"start":{"line":1,"column":9},"end":{"line":1,"column":19}},"loc":{"start":{"line":1,"column":9},"end":{"line":1,"column":43}}}},"branchMap":{},"s":{"0":2,"1":2},"f":{"0":0},"b":{}}
,"C:\\sema\\yandex_frontend\\stellar-burgers\\src\\components\\orders-list\\orders-list.tsx": {"path":"C:\\sema\\yandex_frontend\\stellar-burgers\\src\\components\\orders-list\\orders-list.tsx","statementMap":{"0":{"start":{"line":1,"column":0},"end":{"line":1,"column":33}},"1":{"start":{"line":4,"column":0},"end":{"line":4,"column":35}},"2":{"start":{"line":6,"column":13},"end":{"line":12,"column":3}},"3":{"start":{"line":6,"column":61},"end":{"line":6,"column":63}},"4":{"start":{"line":7,"column":22},"end":{"line":8,"column":null}},"5":{"start":{"line":8,"column":14},"end":{"line":8,"column":null}},"6":{"start":{"line":11,"column":2},"end":{"line":11,"column":52}}},"fnMap":{"0":{"name":"(anonymous_1)","decl":{"start":{"line":6,"column":52},"end":{"line":6,"column":53}},"loc":{"start":{"line":6,"column":63},"end":{"line":12,"column":1}}},"1":{"name":"(anonymous_2)","decl":{"start":{"line":8,"column":4},"end":{"line":8,"column":5}},"loc":{"start":{"line":8,"column":9},"end":{"line":8,"column":18}}}},"branchMap":{},"s":{"0":2,"1":2,"2":2,"3":0,"4":0,"5":0,"6":0},"f":{"0":0,"1":0},"b":{}}
,"C:\\sema\\yandex_frontend\\stellar-burgers\\src\\components\\profile-menu\\index.ts": {"path":"C:\\sema\\yandex_frontend\\stellar-burgers\\src\\components\\profile-menu\\index.ts","statementMap":{"0":{"start":{"line":1,"column":0},"end":{"line":1,"column":9}},"1":{"start":{"line":1,"column":9},"end":{"line":1,"column":45}}},"fnMap":{"0":{"name":"(anonymous_0)","decl":{"start":{"line":1,"column":9},"end":{"line":1,"column":20}},"loc":{"start":{"line":1,"column":9},"end":{"line":1,"column":45}}}},"branchMap":{},"s":{"0":2,"1":2},"f":{"0":0},"b":{}}
,"C:\\sema\\yandex_frontend\\stellar-burgers\\src\\components\\profile-menu\\profile-menu.tsx": {"path":"C:\\sema\\yandex_frontend\\stellar-burgers\\src\\components\\profile-menu\\profile-menu.tsx","statementMap":{"0":{"start":{"line":2,"column":0},"end":{"line":2,"column":60}},"1":{"start":{"line":3,"column":0},"end":{"line":3,"column":36}},"2":{"start":{"line":4,"column":0},"end":{"line":4,"column":64}},"3":{"start":{"line":5,"column":0},"end":{"line":5,"column":57}},"4":{"start":{"line":8,"column":31},"end":{"line":20,"column":1}},"5":{"start":{"line":9,"column":23},"end":{"line":9,"column":37}},"6":{"start":{"line":10,"column":19},"end":{"line":10,"column":32}},"7":{"start":{"line":11,"column":19},"end":{"line":11,"column":32}},"8":{"start":{"line":12,"column":19},"end":{"line":12,"column":65}},"9":{"start":{"line":12,"column":53},"end":{"line":12,"column":64}},"10":{"start":{"line":14,"column":23},"end":{"line":17,"column":3}},"11":{"start":{"line":15,"column":4},"end":{"line":15,"column":23}},"12":{"start":{"line":16,"column":4},"end":{"line":16,"column":23}},"13":{"start":{"line":19,"column":2},"end":{"line":19,"column":75}},"14":{"start":{"line":8,"column":13},"end":{"line":8,"column":31}}},"fnMap":{"0":{"name":"(anonymous_0)","decl":{"start":{"line":8,"column":31},"end":{"line":8,"column":null}},"loc":{"start":{"line":8,"column":31},"end":{"line":20,"column":1}}},"1":{"name":"(anonymous_1)","decl":{"start":{"line":12,"column":31},"end":{"line":12,"column":32}},"loc":{"start":{"line":12,"column":48},"end":{"line":12,"column":58}}},"2":{"name":"(anonymous_2)","decl":{"start":{"line":14,"column":23},"end":{"line":14,"column":null}},"loc":{"start":{"line":14,"column":23},"end":{"line":17,"column":3}}}},"branchMap":{},"s":{"0":2,"1":2,"2":2,"3":2,"4":2,"5":0,"6":0,"7":0,"8":0,"9":0,"10":0,"11":0,"12":0,"13":0,"14":2},"f":{"0":0,"1":0,"2":0},"b":{}}
,"C:\\sema\\yandex_frontend\\stellar-burgers\\src\\components\\protected-route\\index.ts": {"path":"C:\\sema\\yandex_frontend\\stellar-burgers\\src\\components\\protected-route\\index.ts","statementMap":{"0":{"start":{"line":1,"column":0},"end":{"line":1,"column":9}},"1":{"start":{"line":1,"column":9},"end":{"line":1,"column":51}}},"fnMap":{"0":{"name":"(anonymous_0)","decl":{"start":{"line":1,"column":9},"end":{"line":1,"column":23}},"loc":{"start":{"line":1,"column":9},"end":{"line":1,"column":51}}}},"branchMap":{},"s":{"0":0,"1":0},"f":{"0":0},"b":{}}
,"C:\\sema\\yandex_frontend\\stellar-burgers\\src\\components\\protected-route\\protected-route.tsx": {"path":"C:\\sema\\yandex_frontend\\stellar-burgers\\src\\components\\protected-route\\protected-route.tsx","statementMap":{"0":{"start":{"line":1,"column":0},"end":{"line":1,"column":65}},"1":{"start":{"line":2,"column":0},"end":{"line":2,"column":51}},"2":{"start":{"line":3,"column":0},"end":{"line":3,"column":44}},"3":{"start":{"line":11,"column":30},"end":{"line":32,"column":1}},"4":{"start":{"line":12,"column":10},"end":{"line":12,"column":null}},"5":{"start":{"line":13,"column":16},"end":{"line":13,"column":null}},"6":{"start":{"line":15,"column":19},"end":{"line":15,"column":32}},"7":{"start":{"line":16,"column":34},"end":{"line":16,"column":79}},"8":{"start":{"line":16,"column":68},"end":{"line":16,"column":79}},"9":{"start":{"line":16,"column":14},"end":{"line":16,"column":16}},"10":{"start":{"line":16,"column":29},"end":{"line":16,"column":34}},"11":{"start":{"line":18,"column":2},"end":{"line":20,"column":null}},"12":{"start":{"line":19,"column":4},"end":{"line":19,"column":25}},"13":{"start":{"line":22,"column":2},"end":{"line":24,"column":null}},"14":{"start":{"line":23,"column":4},"end":{"line":23,"column":71}},"15":{"start":{"line":26,"column":2},"end":{"line":29,"column":null}},"16":{"start":{"line":27,"column":17},"end":{"line":27,"column":58}},"17":{"start":{"line":28,"column":4},"end":{"line":28,"column":42}},"18":{"start":{"line":31,"column":2},"end":{"line":31,"column":42}},"19":{"start":{"line":11,"column":13},"end":{"line":11,"column":30}}},"fnMap":{"0":{"name":"(anonymous_0)","decl":{"start":{"line":11,"column":30},"end":{"line":11,"column":31}},"loc":{"start":{"line":14,"column":22},"end":{"line":32,"column":1}}},"1":{"name":"(anonymous_1)","decl":{"start":{"line":16,"column":46},"end":{"line":16,"column":47}},"loc":{"start":{"line":16,"column":63},"end":{"line":16,"column":73}}}},"branchMap":{"0":{"loc":{"start":{"line":18,"column":2},"end":{"line":20,"column":null}},"type":"if","locations":[{"start":{"line":18,"column":2},"end":{"line":20,"column":null}}]},"1":{"loc":{"start":{"line":22,"column":2},"end":{"line":24,"column":null}},"type":"if","locations":[{"start":{"line":22,"column":2},"end":{"line":24,"column":null}}]},"2":{"loc":{"start":{"line":22,"column":6},"end":{"line":22,"column":30}},"type":"binary-expr","locations":[{"start":{"line":22,"column":6},"end":{"line":22,"column":21}},{"start":{"line":22,"column":25},"end":{"line":22,"column":30}}]},"3":{"loc":{"start":{"line":26,"column":2},"end":{"line":29,"column":null}},"type":"if","locations":[{"start":{"line":26,"column":2},"end":{"line":29,"column":null}}]},"4":{"loc":{"start":{"line":26,"column":6},"end":{"line":26,"column":28}},"type":"binary-expr","locations":[{"start":{"line":26,"column":6},"end":{"line":26,"column":20}},{"start":{"line":26,"column":24},"end":{"line":26,"column":28}}]},"5":{"loc":{"start":{"line":27,"column":17},"end":{"line":27,"column":58}},"type":"binary-expr","locations":[{"start":{"line":27,"column":17},"end":{"line":27,"column":37}},{"start":{"line":27,"column":41},"end":{"line":27,"column":58}}]},"6":{"loc":{"start":{"line":27,"column":17},"end":{"line":27,"column":37}},"type":"cond-expr","locations":[{"start":{"line":27,"column":31},"end":{"line":27,"column":33}},{"start":{"line":27,"column":31},"end":{"line":27,"column":37}}]},"7":{"loc":{"start":{"line":27,"column":17},"end":{"line":27,"column":33}},"type":"binary-expr","locations":[{"start":{"line":27,"column":17},"end":{"line":27,"column":33}},{"start":{"line":27,"column":31},"end":{"line":27,"column":33}}]},"8":{"loc":{"start":{"line":31,"column":9},"end":{"line":31,"column":41}},"type":"cond-expr","locations":[{"start":{"line":31,"column":20},"end":{"line":31,"column":28}},{"start":{"line":31,"column":31},"end":{"line":31,"column":41}}]}},"s":{"0":0,"1":0,"2":0,"3":0,"4":0,"5":0,"6":0,"7":0,"8":0,"9":0,"10":0,"11":0,"12":0,"13":0,"14":0,"15":0,"16":0,"17":0,"18":0,"19":0},"f":{"0":0,"1":0},"b":{"0":[0],"1":[0],"2":[0,0],"3":[0],"4":[0,0],"5":[0,0],"6":[0,0],"7":[0,0],"8":[0,0]}}
,"C:\\sema\\yandex_frontend\\stellar-burgers\\src\\components\\ui\\index.ts": {"path":"C:\\sema\\yandex_frontend\\stellar-burgers\\src\\components\\ui\\index.ts","statementMap":{"0":{"start":{"line":1,"column":0},"end":{"line":1,"column":29}},"1":{"start":{"line":2,"column":0},"end":{"line":2,"column":37}},"2":{"start":{"line":3,"column":0},"end":{"line":3,"column":45}},"3":{"start":{"line":4,"column":0},"end":{"line":4,"column":36}},"4":{"start":{"line":5,"column":0},"end":{"line":5,"column":37}},"5":{"start":{"line":6,"column":0},"end":{"line":6,"column":28}},"6":{"start":{"line":7,"column":0},"end":{"line":7,"column":37}},"7":{"start":{"line":8,"column":0},"end":{"line":8,"column":39}},"8":{"start":{"line":9,"column":0},"end":{"line":9,"column":24}},"9":{"start":{"line":10,"column":0},"end":{"line":10,"column":32}},"10":{"start":{"line":11,"column":0},"end":{"line":11,"column":29}},"11":{"start":{"line":12,"column":0},"end":{"line":12,"column":32}},"12":{"start":{"line":13,"column":0},"end":{"line":13,"column":29}},"13":{"start":{"line":14,"column":0},"end":{"line":14,"column":31}},"14":{"start":{"line":15,"column":0},"end":{"line":15,"column":30}},"15":{"start":{"line":16,"column":0},"end":{"line":16,"column":28}},"16":{"start":{"line":17,"column":0},"end":{"line":17,"column":31}}},"fnMap":{},"branchMap":{},"s":{"0":2,"1":2,"2":2,"3":2,"4":2,"5":2,"6":2,"7":2,"8":2,"9":2,"10":2,"11":2,"12":2,"13":2,"14":2,"15":2,"16":2},"f":{},"b":{}}
,"C:\\sema\\yandex_frontend\\stellar-burgers\\src\\components\\ui\\app-header\\app-header.tsx": {"path":"C:\\sema\\yandex_frontend\\stellar-burgers\\src\\components\\ui\\app-header\\app-header.tsx","statementMap":{"0":{"start":{"line":2,"column":0},"end":{"line":2,"column":45}},"1":{"start":{"line":4,"column":0},"end":{"line":4,"column":null}},"2":{"start":{"line":10,"column":0},"end":{"line":10,"column":53}},"3":{"start":{"line":12,"column":50},"end":{"line":64,"column":1}},"4":{"start":{"line":12,"column":61},"end":{"line":12,"column":63}},"5":{"start":{"line":13,"column":19},"end":{"line":13,"column":32}},"6":{"start":{"line":15,"column":19},"end":{"line":18,"column":3}},"7":{"start":{"line":16,"column":4},"end":{"line":16,"column":63}},"8":{"start":{"line":16,"column":51},"end":{"line":16,"column":63}},"9":{"start":{"line":17,"column":4},"end":{"line":17,"column":75}},"10":{"start":{"line":20,"column":2},"end":{"line":63,"column":4}},"11":{"start":{"line":12,"column":13},"end":{"line":12,"column":50}}},"fnMap":{"0":{"name":"(anonymous_3)","decl":{"start":{"line":12,"column":50},"end":{"line":12,"column":51}},"loc":{"start":{"line":12,"column":63},"end":{"line":64,"column":1}}},"1":{"name":"(anonymous_4)","decl":{"start":{"line":15,"column":19},"end":{"line":15,"column":20}},"loc":{"start":{"line":15,"column":32},"end":{"line":18,"column":3}}}},"branchMap":{"0":{"loc":{"start":{"line":16,"column":4},"end":{"line":16,"column":63}},"type":"if","locations":[{"start":{"line":16,"column":4},"end":{"line":16,"column":63}}]},"1":{"loc":{"start":{"line":16,"column":8},"end":{"line":16,"column":49}},"type":"binary-expr","locations":[{"start":{"line":16,"column":8},"end":{"line":16,"column":20}},{"start":{"line":16,"column":24},"end":{"line":16,"column":49}}]},"2":{"loc":{"start":{"line":17,"column":11},"end":{"line":17,"column":74}},"type":"binary-expr","locations":[{"start":{"line":17,"column":11},"end":{"line":17,"column":45}},{"start":{"line":17,"column":49},"end":{"line":17,"column":74}}]},"3":{"loc":{"start":{"line":26,"column":41},"end":{"line":26,"column":88}},"type":"binary-expr","locations":[{"start":{"line":26,"column":41},"end":{"line":26,"column":66}},{"start":{"line":26,"column":70},"end":{"line":26,"column":88}}]},"4":{"loc":{"start":{"line":29,"column":20},"end":{"line":29,"column":71}},"type":"cond-expr","locations":[{"start":{"line":29,"column":48},"end":{"line":29,"column":57}},{"start":{"line":29,"column":60},"end":{"line":29,"column":71}}]},"5":{"loc":{"start":{"line":37,"column":41},"end":{"line":37,"column":80}},"type":"binary-expr","locations":[{"start":{"line":37,"column":41},"end":{"line":37,"column":58}},{"start":{"line":37,"column":62},"end":{"line":37,"column":80}}]},"6":{"loc":{"start":{"line":39,"column":28},"end":{"line":39,"column":71}},"type":"cond-expr","locations":[{"start":{"line":39,"column":48},"end":{"line":39,"column":57}},{"start":{"line":39,"column":60},"end":{"line":39,"column":71}}]},"7":{"loc":{"start":{"line":51,"column":41},"end":{"line":51,"column":83}},"type":"binary-expr","locations":[{"start":{"line":51,"column":41},"end":{"line":51,"column":61}},{"start":{"line":51,"column":65},"end":{"line":51,"column":83}}]},"8":{"loc":{"start":{"line":54,"column":20},"end":{"line":54,"column":66}},"type":"cond-expr","locations":[{"start":{"line":54,"column":43},"end":{"line":54,"column":52}},{"start":{"line":54,"column":55},"end":{"line":54,"column":66}}]},"9":{"loc":{"start":{"line":57,"column":15},"end":{"line":57,"column":43}},"type":"binary-expr","locations":[{"start":{"line":57,"column":15},"end":{"line":57,"column":23}},{"start":{"line":57,"column":27},"end":{"line":57,"column":43}}]}},"s":{"0":2,"1":2,"2":2,"3":2,"4":0,"5":0,"6":0,"7":0,"8":0,"9":0,"10":0,"11":2},"f":{"0":0,"1":0},"b":{"0":[0],"1":[0,0],"2":[0,0],"3":[0,0],"4":[0,0],"5":[0,0],"6":[0,0],"7":[0,0],"8":[0,0],"9":[0,0]}}
,"C:\\sema\\yandex_frontend\\stellar-burgers\\src\\components\\ui\\app-header\\index.ts": {"path":"C:\\sema\\yandex_frontend\\stellar-burgers\\src\\components\\ui\\app-header\\index.ts","statementMap":{"0":{"start":{"line":1,"column":0},"end":{"line":1,"column":9}},"1":{"start":{"line":1,"column":9},"end":{"line":1,"column":43}}},"fnMap":{"0":{"name":"(anonymous_0)","decl":{"start":{"line":1,"column":9},"end":{"line":1,"column":20}},"loc":{"start":{"line":1,"column":9},"end":{"line":1,"column":43}}}},"branchMap":{},"s":{"0":2,"1":2},"f":{"0":0},"b":{}}
,"C:\\sema\\yandex_frontend\\stellar-burgers\\src\\components\\ui\\burger-constructor\\burger-constructor.tsx": {"path":"C:\\sema\\yandex_frontend\\stellar-burgers\\src\\components\\ui\\burger-constructor\\burger-constructor.tsx","statementMap":{"0":{"start":{"line":2,"column":0},"end":{"line":2,"column":null}},"1":{"start":{"line":7,"column":0},"end":{"line":7,"column":53}},"2":{"start":{"line":10,"column":0},"end":{"line":10,"column":62}},"3":{"start":{"line":11,"column":0},"end":{"line":11,"column":48}},"4":{"start":{"line":13,"column":65},"end":{"line":20,"column":null}},"5":{"start":{"line":14,"column":18},"end":{"line":14,"column":null}},"6":{"start":{"line":15,"column":14},"end":{"line":15,"column":null}},"7":{"start":{"line":16,"column":7},"end":{"line":16,"column":null}},"8":{"start":{"line":17,"column":16},"end":{"line":17,"column":null}},"9":{"start":{"line":18,"column":14},"end":{"line":18,"column":null}},"10":{"start":{"line":19,"column":17},"end":{"line":19,"column":null}},"11":{"start":{"line":20,"column":6},"end":{"line":107,"column":2}},"12":{"start":{"line":45,"column":59},"end":{"line":52,"column":null}},"13":{"start":{"line":13,"column":13},"end":{"line":13,"column":65}}},"fnMap":{"0":{"name":"(anonymous_3)","decl":{"start":{"line":13,"column":65},"end":{"line":13,"column":66}},"loc":{"start":{"line":20,"column":1},"end":{"line":20,"column":null}}},"1":{"name":"(anonymous_4)","decl":{"start":{"line":45,"column":10},"end":{"line":45,"column":11}},"loc":{"start":{"line":45,"column":54},"end":{"line":45,"column":null}}}},"branchMap":{"0":{"loc":{"start":{"line":25,"column":5},"end":{"line":40,"column":null}},"type":"cond-expr","locations":[{"start":{"line":26,"column":6},"end":{"line":33,"column":null}},{"start":{"line":36,"column":6},"end":{"line":37,"column":null}}]},"1":{"loc":{"start":{"line":43,"column":7},"end":{"line":59,"column":null}},"type":"cond-expr","locations":[{"start":{"line":44,"column":8},"end":{"line":52,"column":null}},{"start":{"line":55,"column":8},"end":{"line":56,"column":null}}]},"2":{"loc":{"start":{"line":62,"column":5},"end":{"line":77,"column":null}},"type":"cond-expr","locations":[{"start":{"line":63,"column":6},"end":{"line":70,"column":null}},{"start":{"line":73,"column":6},"end":{"line":74,"column":null}}]},"3":{"loc":{"start":{"line":91,"column":18},"end":{"line":91,"column":55}},"type":"binary-expr","locations":[{"start":{"line":91,"column":18},"end":{"line":91,"column":39}},{"start":{"line":91,"column":43},"end":{"line":91,"column":55}}]},"4":{"loc":{"start":{"line":95,"column":5},"end":{"line":98,"column":null}},"type":"binary-expr","locations":[{"start":{"line":95,"column":5},"end":{"line":95,"column":17}},{"start":{"line":96,"column":6},"end":{"line":97,"column":null}}]},"5":{"loc":{"start":{"line":101,"column":5},"end":{"line":104,"column":null}},"type":"binary-expr","locations":[{"start":{"line":101,"column":5},"end":{"line":101,"column":19}},{"start":{"line":101,"column":23},"end":{"line":101,"column":36}},{"start":{"line":102,"column":6},"end":{"line":103,"column":null}}]}},"s":{"0":2,"1":2,"2":2,"3":2,"4":2,"5":5,"6":5,"7":5,"8":5,"9":5,"10":5,"11":5,"12":4,"13":2},"f":{"0":5,"1":4},"b":{"0":[4,1],"1":[4,1],"2":[4,1],"3":[5,4],"4":[5,0],"5":[5,0,0]}}
,"C:\\sema\\yandex_frontend\\stellar-burgers\\src\\components\\ui\\burger-constructor\\index.ts": {"path":"C:\\sema\\yandex_frontend\\stellar-burgers\\src\\components\\ui\\burger-constructor\\index.ts","statementMap":{"0":{"start":{"line":1,"column":0},"end":{"line":1,"column":9}},"1":{"start":{"line":1,"column":9},"end":{"line":1,"column":59}}},"fnMap":{"0":{"name":"(anonymous_0)","decl":{"start":{"line":1,"column":9},"end":{"line":1,"column":28}},"loc":{"start":{"line":1,"column":9},"end":{"line":1,"column":59}}}},"branchMap":{},"s":{"0":2,"1":2},"f":{"0":0},"b":{}}
,"C:\\sema\\yandex_frontend\\stellar-burgers\\src\\components\\ui\\burger-constructor-element\\burger-constructor-element.tsx": {"path":"C:\\sema\\yandex_frontend\\stellar-burgers\\src\\components\\ui\\burger-constructor-element\\burger-constructor-element.tsx","statementMap":{"0":{"start":{"line":1,"column":0},"end":{"line":1,"column":40}},"1":{"start":{"line":2,"column":0},"end":{"line":2,"column":61}},"2":{"start":{"line":3,"column":0},"end":{"line":3,"column":81}},"3":{"start":{"line":5,"column":0},"end":{"line":5,"column":73}},"4":{"start":{"line":7,"column":13},"end":{"line":34,"column":4}},"5":{"start":{"line":10,"column":16},"end":{"line":10,"column":null}},"6":{"start":{"line":11,"column":11},"end":{"line":11,"column":null}},"7":{"start":{"line":12,"column":16},"end":{"line":12,"column":null}},"8":{"start":{"line":13,"column":18},"end":{"line":13,"column":null}},"9":{"start":{"line":14,"column":20},"end":{"line":14,"column":null}},"10":{"start":{"line":15,"column":17},"end":{"line":15,"column":null}},"11":{"start":{"line":16,"column":10},"end":{"line":33,"column":null}}},"fnMap":{"0":{"name":"(anonymous_3)","decl":{"start":{"line":9,"column":4},"end":{"line":9,"column":5}},"loc":{"start":{"line":16,"column":5},"end":{"line":16,"column":null}}}},"branchMap":{},"s":{"0":2,"1":2,"2":2,"3":2,"4":2,"5":4,"6":4,"7":4,"8":4,"9":4,"10":4,"11":4},"f":{"0":4},"b":{}}
,"C:\\sema\\yandex_frontend\\stellar-burgers\\src\\components\\ui\\burger-constructor-element\\index.ts": {"path":"C:\\sema\\yandex_frontend\\stellar-burgers\\src\\components\\ui\\burger-constructor-element\\index.ts","statementMap":{"0":{"start":{"line":1,"column":0},"end":{"line":1,"column":9}},"1":{"start":{"line":1,"column":9},"end":{"line":1,"column":74}}},"fnMap":{"0":{"name":"(anonymous_0)","decl":{"start":{"line":1,"column":9},"end":{"line":1,"column":35}},"loc":{"start":{"line":1,"column":9},"end":{"line":1,"column":74}}}},"branchMap":{},"s":{"0":2,"1":6},"f":{"0":4},"b":{}}
[...]
e":126,"column":10},"end":{"line":126,"column":11}},"loc":{"start":{"line":126,"column":15},"end":{"line":129,"column":3}}},"17":{"name":"(anonymous_32)","decl":{"start":{"line":135,"column":35},"end":{"line":135,"column":36}},"loc":{"start":{"line":135,"column":50},"end":{"line":136,"column":7}}},"18":{"name":"(anonymous_33)","decl":{"start":{"line":141,"column":10},"end":{"line":141,"column":11}},"loc":{"start":{"line":141,"column":14},"end":{"line":141,"column":32}}},"19":{"name":"(anonymous_34)","decl":{"start":{"line":155,"column":31},"end":{"line":155,"column":32}},"loc":{"start":{"line":155,"column":51},"end":{"line":156,"column":7}}},"20":{"name":"(anonymous_35)","decl":{"start":{"line":163,"column":10},"end":{"line":163,"column":11}},"loc":{"start":{"line":163,"column":14},"end":{"line":163,"column":32}}},"21":{"name":"(anonymous_36)","decl":{"start":{"line":164,"column":10},"end":{"line":164,"column":11}},"loc":{"start":{"line":164,"column":15},"end":{"line":167,"column":5}}},"22":{"name":"(anonymous_37)","decl":{"start":{"line":174,"column":28},"end":{"line":174,"column":29}},"loc":{"start":{"line":174,"column":45},"end":{"line":175,"column":7}}},"23":{"name":"(anonymous_38)","decl":{"start":{"line":182,"column":10},"end":{"line":182,"column":11}},"loc":{"start":{"line":182,"column":14},"end":{"line":182,"column":32}}},"24":{"name":"(anonymous_39)","decl":{"start":{"line":183,"column":10},"end":{"line":183,"column":11}},"loc":{"start":{"line":183,"column":15},"end":{"line":186,"column":5}}},"25":{"name":"(anonymous_40)","decl":{"start":{"line":188,"column":33},"end":{"line":188,"column":34}},"loc":{"start":{"line":188,"column":57},"end":{"line":189,"column":7}}},"26":{"name":"(anonymous_41)","decl":{"start":{"line":196,"column":10},"end":{"line":196,"column":11}},"loc":{"start":{"line":196,"column":14},"end":{"line":196,"column":32}}},"27":{"name":"(anonymous_42)","decl":{"start":{"line":197,"column":10},"end":{"line":197,"column":11}},"loc":{"start":{"line":197,"column":15},"end":{"line":200,"column":5}}},"28":{"name":"(anonymous_43)","decl":{"start":{"line":202,"column":32},"end":{"line":202,"column":33}},"loc":{"start":{"line":202,"column":74},"end":{"line":203,"column":7}}},"29":{"name":"(anonymous_44)","decl":{"start":{"line":210,"column":10},"end":{"line":210,"column":11}},"loc":{"start":{"line":210,"column":14},"end":{"line":210,"column":32}}},"30":{"name":"(anonymous_45)","decl":{"start":{"line":211,"column":10},"end":{"line":211,"column":11}},"loc":{"start":{"line":211,"column":15},"end":{"line":214,"column":5}}},"31":{"name":"(anonymous_46)","decl":{"start":{"line":218,"column":26},"end":{"line":218,"column":null}},"loc":{"start":{"line":218,"column":26},"end":{"line":219,"column":18}}},"32":{"name":"(anonymous_47)","decl":{"start":{"line":225,"column":29},"end":{"line":225,"column":30}},"loc":{"start":{"line":225,"column":58},"end":{"line":226,"column":18}}},"33":{"name":"(anonymous_48)","decl":{"start":{"line":235,"column":25},"end":{"line":235,"column":null}},"loc":{"start":{"line":235,"column":25},"end":{"line":236,"column":7}}},"34":{"name":"(anonymous_49)","decl":{"start":{"line":244,"column":10},"end":{"line":244,"column":11}},"loc":{"start":{"line":244,"column":14},"end":{"line":244,"column":32}}}},"branchMap":{"0":{"loc":{"start":{"line":13,"column":4},"end":{"line":13,"column":74}},"type":"switch","locations":[{"start":{"line":13,"column":4},"end":{"line":13,"column":74}},{"start":{"line":15,"column":2},"end":{"line":15,"column":20}}]},"1":{"loc":{"start":{"line":7,"column":6},"end":{"line":7,"column":7}},"type":"if","locations":[{"start":{"line":7,"column":6},"end":{"line":7,"column":7}}]},"2":{"loc":{"start":{"line":9,"column":8},"end":{"line":9,"column":19}},"type":"if","locations":[{"start":{"line":9,"column":8},"end":{"line":9,"column":19}}]},"3":{"loc":{"start":{"line":9,"column":8},"end":{"line":9,"column":63}},"type":"binary-expr","locations":[{"start":{"line":9,"column":8},"end":{"line":9,"column":19}},{"start":{"line":9,"column":23},"end":{"line":9,"column":63}}]},"4":{"loc":{"start":{"line":39,"column":6},"end":{"line":41,"column":null}},"type":"if","locations":[{"start":{"line":39,"column":6},"end":{"line":41,"column":null}}]},"5":{"loc":{"start":{"line":53,"column":4},"end":{"line":53,"column":39}},"type":"switch","locations":[{"start":{"line":53,"column":4},"end":{"line":53,"column":39}},{"start":{"line":62,"column":6},"end":{"line":62,"column":41}},{"start":{"line":64,"column":6},"end":{"line":64,"column":33}}]},"6":{"loc":{"start":{"line":55,"column":8},"end":{"line":55,"column":9}},"type":"if","locations":[{"start":{"line":55,"column":8},"end":{"line":55,"column":9}}]},"7":{"loc":{"start":{"line":57,"column":6},"end":{"line":60,"column":null}},"type":"if","locations":[{"start":{"line":57,"column":6},"end":{"line":60,"column":null}}]},"8":{"loc":{"start":{"line":87,"column":6},"end":{"line":87,"column":42}},"type":"if","locations":[{"start":{"line":87,"column":6},"end":{"line":87,"column":42}}]},"9":{"loc":{"start":{"line":87,"column":10},"end":{"line":87,"column":23}},"type":"cond-expr","locations":[{"start":{"line":87,"column":14},"end":{"line":87,"column":16}},{"start":{"line":87,"column":10},"end":{"line":87,"column":23}}]},"10":{"loc":{"start":{"line":87,"column":10},"end":{"line":87,"column":16}},"type":"binary-expr","locations":[{"start":{"line":87,"column":10},"end":{"line":87,"column":16}},{"start":{"line":87,"column":10},"end":{"line":87,"column":16}}]},"11":{"loc":{"start":{"line":95,"column":6},"end":{"line":95,"column":37}},"type":"if","locations":[{"start":{"line":95,"column":6},"end":{"line":95,"column":37}}]},"12":{"loc":{"start":{"line":95,"column":10},"end":{"line":95,"column":23}},"type":"cond-expr","locations":[{"start":{"line":95,"column":14},"end":{"line":95,"column":16}},{"start":{"line":95,"column":10},"end":{"line":95,"column":23}}]},"13":{"loc":{"start":{"line":95,"column":10},"end":{"line":95,"column":16}},"type":"binary-expr","locations":[{"start":{"line":95,"column":10},"end":{"line":95,"column":16}},{"start":{"line":95,"column":10},"end":{"line":95,"column":16}}]},"14":{"loc":{"start":{"line":107,"column":4},"end":{"line":107,"column":42}},"type":"if","locations":[{"start":{"line":107,"column":4},"end":{"line":107,"column":42}}]},"15":{"loc":{"start":{"line":107,"column":8},"end":{"line":107,"column":21}},"type":"cond-expr","locations":[{"start":{"line":107,"column":12},"end":{"line":107,"column":14}},{"start":{"line":107,"column":8},"end":{"line":107,"column":21}}]},"16":{"loc":{"start":{"line":107,"column":8},"end":{"line":107,"column":14}},"type":"binary-expr","locations":[{"start":{"line":107,"column":8},"end":{"line":107,"column":14}},{"start":{"line":107,"column":8},"end":{"line":107,"column":14}}]},"17":{"loc":{"start":{"line":127,"column":4},"end":{"line":127,"column":35}},"type":"if","locations":[{"start":{"line":127,"column":4},"end":{"line":127,"column":35}}]},"18":{"loc":{"start":{"line":127,"column":8},"end":{"line":127,"column":21}},"type":"cond-expr","locations":[{"start":{"line":127,"column":12},"end":{"line":127,"column":14}},{"start":{"line":127,"column":8},"end":{"line":127,"column":21}}]},"19":{"loc":{"start":{"line":127,"column":8},"end":{"line":127,"column":14}},"type":"binary-expr","locations":[{"start":{"line":127,"column":8},"end":{"line":127,"column":14}},{"start":{"line":127,"column":8},"end":{"line":127,"column":14}}]},"20":{"loc":{"start":{"line":165,"column":6},"end":{"line":165,"column":37}},"type":"if","locations":[{"start":{"line":165,"column":6},"end":{"line":165,"column":37}}]},"21":{"loc":{"start":{"line":165,"column":10},"end":{"line":165,"column":23}},"type":"cond-expr","locations":[{"start":{"line":165,"column":14},"end":{"line":165,"column":16}},{"start":{"line":165,"column":10},"end":{"line":165,"column":23}}]},"22":{"loc":{"start":{"line":165,"column":10},"end":{"line":165,"column":16}},"type":"binary-expr","locations":[{"start":{"line":165,"column":10},"end":{"line":165,"column":16}},{"start":{"line":165,"column":10},"end":{"line":165,"column":16}}]},"23":{"loc":{"start":{"line":184,"column":6},"end":{"line":184,"column":37}},"type":"if","locations":[{"start":{"line":184,"column":6},"end":{"line":184,"column":37}}]},"24":{"loc":{"start":{"line":184,"column":10},"end":{"line":184,"column":23}},"type":"cond-expr","locations":[{"start":{"line":184,"column":14},"end":{"line":184,"column":16}},{"start":{"line":184,"column":10},"end":{"line":184,"column":23}}]},"25":{"loc":{"start":{"line":184,"column":10},"end":{"line":184,"column":16}},"type":"binary-expr","locations":[{"start":{"line":184,"column":10},"end":{"line":184,"column":16}},{"start":{"line":184,"column":10},"end":{"line":184,"column":16}}]},"26":{"loc":{"start":{"line":198,"column":6},"end":{"line":198,"column":37}},"type":"if","locations":[{"start":{"line":198,"column":6},"end":{"line":198,"column":37}}]},"27":{"loc":{"start":{"line":198,"column":10},"end":{"line":198,"column":23}},"type":"cond-expr","locations":[{"start":{"line":198,"column":14},"end":{"line":198,"column":16}},{"start":{"line":198,"column":10},"end":{"line":198,"column":23}}]},"28":{"loc":{"start":{"line":198,"column":10},"end":{"line":198,"column":16}},"type":"binary-expr","locations":[{"start":{"line":198,"column":10},"end":{"line":198,"column":16}},{"start":{"line":198,"column":10},"end":{"line":198,"column":16}}]},"29":{"loc":{"start":{"line":212,"column":6},"end":{"line":212,"column":37}},"type":"if","locations":[{"start":{"line":212,"column":6},"end":{"line":212,"column":37}}]},"30":{"loc":{"start":{"line":212,"column":10},"end":{"line":212,"column":23}},"type":"cond-expr","locations":[{"start":{"line":212,"column":14},"end":{"line":212,"column":16}},{"start":{"line":212,"column":10},"end":{"line":212,"column":23}}]},"31":{"loc":{"start":{"line":212,"column":10},"end":{"line":212,"column":16}},"type":"binary-expr","locations":[{"start":{"line":212,"column":10},"end":{"line":212,"column":16}},{"start":{"line":212,"column":10},"end":{"line":212,"column":16}}]}},"s":{"0":6,"1":6,"2":6,"3":0,"4":0,"5":0,"6":0,"7":0,"8":0,"9":0,"10":0,"11":0,"12":6,"13":0,"14":0,"15":0,"16":0,"17":0,"18":0,"19":0,"20":6,"21":6,"22":0,"23":0,"24":0,"25":0,"26":0,"27":0,"28":0,"29":0,"30":0,"31":0,"32":0,"33":0,"34":0,"35":0,"36":0,"37":6,"38":6,"39":0,"40":0,"41":0,"42":0,"43":0,"44":6,"45":6,"46":0,"47":0,"48":0,"49":0,"50":0,"51":6,"52":6,"53":0,"54":0,"55":0,"56":0,"57":6,"58":6,"59":0,"60":0,"61":0,"62":0,"63":6,"64":6,"65":0,"66":0,"67":6,"68":6,"69":0,"70":0,"71":0,"72":0,"73":0,"74":6,"75":6,"76":0,"77":0,"78":0,"79":0,"80":0,"81":6,"82":6,"83":0,"84":0,"85":0,"86":0,"87":0,"88":6,"89":6,"90":0,"91":0,"92":0,"93":0,"94":0,"95":6,"96":6,"97":0,"98":6,"99":6,"100":0,"101":6,"102":6,"103":0,"104":0,"105":6},"f":{"0":0,"1":0,"2":0,"3":0,"4":0,"5":0,"6":0,"7":0,"8":0,"9":0,"10":0,"11":0,"12":0,"13":0,"14":0,"15":0,"16":0,"17":0,"18":0,"19":0,"20":0,"21":0,"22":0,"23":0,"24":0,"25":0,"26":0,"27":0,"28":0,"29":0,"30":0,"31":0,"32":0,"33":0,"34":0},"b":{"0":[0,0],"1":[0],"2":[0],"3":[0,0],"4":[0],"5":[0,0,0],"6":[0],"7":[0],"8":[0],"9":[0,0],"10":[0,0],"11":[0],"12":[0,0],"13":[0,0],"14":[0],"15":[0,0],"16":[0,0],"17":[0],"18":[0,0],"19":[0,0],"20":[0],"21":[0,0],"22":[0,0],"23":[0],"24":[0,0],"25":[0,0],"26":[0],"27":[0,0],"28":[0,0],"29":[0],"30":[0,0],"31":[0,0]}}
,"C:\\sema\\yandex_frontend\\stellar-burgers\\src\\utils\\cookie.ts": {"path":"C:\\sema\\yandex_frontend\\stellar-burgers\\src\\utils\\cookie.ts","statementMap":{"0":{"start":{"line":2,"column":18},"end":{"line":8,"column":null}},"1":{"start":{"line":10,"column":2},"end":{"line":10,"column":62}},"2":{"start":{"line":1,"column":0},"end":{"line":1,"column":16}},"3":{"start":{"line":16,"column":2},"end":{"line":16,"column":null}},"4":{"start":{"line":18,"column":2},"end":{"line":21,"column":4}},"5":{"start":{"line":23,"column":12},"end":{"line":23,"column":25}},"6":{"start":{"line":24,"column":2},"end":{"line":28,"column":null}},"7":{"start":{"line":25,"column":14},"end":{"line":25,"column":24}},"8":{"start":{"line":26,"column":4},"end":{"line":26,"column":40}},"9":{"start":{"line":27,"column":4},"end":{"line":27,"column":28}},"10":{"start":{"line":30,"column":2},"end":{"line":32,"column":null}},"11":{"start":{"line":31,"column":4},"end":{"line":31,"column":38}},"12":{"start":{"line":33,"column":2},"end":{"line":33,"column":36}},"13":{"start":{"line":34,"column":22},"end":{"line":34,"column":40}},"14":{"start":{"line":35,"column":2},"end":{"line":41,"column":null}},"15":{"start":{"line":36,"column":4},"end":{"line":36,"column":37}},"16":{"start":{"line":37,"column":22},"end":{"line":37,"column":37}},"17":{"start":{"line":38,"column":4},"end":{"line":40,"column":null}},"18":{"start":{"line":39,"column":6},"end":{"line":39,"column":39}},"19":{"start":{"line":42,"column":2},"end":{"line":42,"column":34}},"20":{"start":{"line":13,"column":0},"end":{"line":13,"column":16}},"21":{"start":{"line":46,"column":2},"end":{"line":46,"column":39}},"22":{"start":{"line":45,"column":0},"end":{"line":45,"column":16}}},"fnMap":{"0":{"name":"getCookie","decl":{"start":{"line":1,"column":16},"end":{"line":1,"column":25}},"loc":{"start":{"line":1,"column":38},"end":{"line":11,"column":1}}},"1":{"name":"setCookie","decl":{"start":{"line":13,"column":16},"end":{"line":13,"column":25}},"loc":{"start":{"line":16,"column":65},"end":{"line":43,"column":1}}},"2":{"name":"deleteCookie","decl":{"start":{"line":45,"column":16},"end":{"line":45,"column":28}},"loc":{"start":{"line":45,"column":41},"end":{"line":47,"column":1}}}},"branchMap":{"0":{"loc":{"start":{"line":10,"column":9},"end":{"line":10,"column":61}},"type":"cond-expr","locations":[{"start":{"line":10,"column":19},"end":{"line":10,"column":49}},{"start":{"line":10,"column":52},"end":{"line":10,"column":61}}]},"1":{"loc":{"start":{"line":16,"column":2},"end":{"line":16,"column":null}},"type":"if","locations":[{"start":{"line":16,"column":2},"end":{"line":16,"column":null}}]},"2":{"loc":{"start":{"line":24,"column":2},"end":{"line":28,"column":null}},"type":"if","locations":[{"start":{"line":24,"column":2},"end":{"line":28,"column":null}}]},"3":{"loc":{"start":{"line":24,"column":6},"end":{"line":24,"column":36}},"type":"binary-expr","locations":[{"start":{"line":24,"column":6},"end":{"line":24,"column":9}},{"start":{"line":24,"column":13},"end":{"line":24,"column":36}}]},"4":{"loc":{"start":{"line":30,"column":2},"end":{"line":32,"column":null}},"type":"if","locations":[{"start":{"line":30,"column":2},"end":{"line":32,"column":null}}]},"5":{"loc":{"start":{"line":30,"column":6},"end":{"line":30,"column":32}},"type":"binary-expr","locations":[{"start":{"line":30,"column":6},"end":{"line":30,"column":9}},{"start":{"line":30,"column":13},"end":{"line":30,"column":32}}]},"6":{"loc":{"start":{"line":38,"column":4},"end":{"line":40,"column":null}},"type":"if","locations":[{"start":{"line":38,"column":4},"end":{"line":40,"column":null}}]}},"s":{"0":0,"1":0,"2":6,"3":0,"4":0,"5":0,"6":0,"7":0,"8":0,"9":0,"10":0,"11":0,"12":0,"13":0,"14":0,"15":0,"16":0,"17":0,"18":0,"19":0,"20":6,"21":0,"22":6},"f":{"0":0,"1":0,"2":0},"b":{"0":[0,0],"1":[0],"2":[0],"3":[0,0],"4":[0],"5":[0,0],"6":[0]}}
,"C:\\sema\\yandex_frontend\\stellar-burgers\\src\\utils\\mock-data.ts": {"path":"C:\\sema\\yandex_frontend\\stellar-burgers\\src\\utils\\mock-data.ts","statementMap":{"0":{"start":{"line":3,"column":13},"end":{"line":15,"column":2}}},"fnMap":{},"branchMap":{},"s":{"0":1},"f":{},"b":{}}
,"C:\\sema\\yandex_frontend\\stellar-burgers\\src\\utils\\test-utils.tsx": {"path":"C:\\sema\\yandex_frontend\\stellar-burgers\\src\\utils\\test-utils.tsx","statementMap":{"0":{"start":{"line":2,"column":0},"end":{"line":2,"column":63}},"1":{"start":{"line":3,"column":0},"end":{"line":3,"column":39}},"2":{"start":{"line":4,"column":0},"end":{"line":4,"column":49}},"3":{"start":{"line":5,"column":0},"end":{"line":5,"column":67}},"4":{"start":{"line":6,"column":0},"end":{"line":6,"column":76}},"5":{"start":{"line":7,"column":0},"end":{"line":7,"column":70}},"6":{"start":{"line":8,"column":0},"end":{"line":8,"column":76}},"7":{"start":{"line":18,"column":20},"end":{"line":22,"column":2}},"8":{"start":{"line":30,"column":30},"end":{"line":37,"column":1}},"9":{"start":{"line":32,"column":2},"end":{"line":32,"column":21}},"10":{"start":{"line":34,"column":20},"end":{"line":34,"column":49}},"11":{"start":{"line":35,"column":2},"end":{"line":35,"column":41}},"12":{"start":{"line":36,"column":2},"end":{"line":36,"column":39}},"13":{"start":{"line":30,"column":13},"end":{"line":30,"column":30}},"14":{"start":{"line":40,"column":32},"end":{"line":45,"column":1}},"15":{"start":{"line":41,"column":20},"end":{"line":41,"column":53}},"16":{"start":{"line":42,"column":2},"end":{"line":44,"column":null}},"17":{"start":{"line":43,"column":4},"end":{"line":43,"column":48}},"18":{"start":{"line":40,"column":13},"end":{"line":40,"column":32}},"19":{"start":{"line":47,"column":21},"end":{"line":67,"column":1}},"20":{"start":{"line":49,"column":2},"end":{"line":56,"column":null}},"21":{"start":{"line":50,"column":4},"end":{"line":50,"column":18}},"22":{"start":{"line":50,"column":18},"end":{"line":50,"column":null}},"23":{"start":{"line":51,"column":4},"end":{"line":51,"column":9}},"24":{"start":{"line":51,"column":9},"end":{"line":54,"column":null}},"25":{"start":{"line":55,"column":20},"end":{"line":56,"column":31}},"26":{"start":{"line":58,"column":18},"end":{"line":64,"column":3}},"27":{"start":{"line":58,"column":29},"end":{"line":58,"column":62}},"28":{"start":{"line":59,"column":4},"end":{"line":63,"column":6}},"29":{"start":{"line":66,"column":2},"end":{"line":66,"column":60}},"30":{"start":{"line":70,"column":25},"end":{"line":70,"column":31}},"31":{"start":{"line":69,"column":0},"end":{"line":69,"column":39}}},"fnMap":{"0":{"name":"(anonymous_8)","decl":{"start":{"line":30,"column":30},"end":{"line":30,"column":null}},"loc":{"start":{"line":30,"column":30},"end":{"line":37,"column":1}}},"1":{"name":"(anonymous_9)","decl":{"start":{"line":40,"column":32},"end":{"line":40,"column":null}},"loc":{"start":{"line":40,"column":32},"end":{"line":45,"column":1}}},"2":{"name":"(anonymous_10)","decl":{"start":{"line":47,"column":21},"end":{"line":47,"column":null}},"loc":{"start":{"line":56,"column":31},"end":{"line":67,"column":1}}},"3":{"name":"(anonymous_11)","decl":{"start":{"line":58,"column":18},"end":{"line":58,"column":19}},"loc":{"start":{"line":58,"column":62},"end":{"line":64,"column":3}}}},"branchMap":{"0":{"loc":{"start":{"line":42,"column":2},"end":{"line":44,"column":null}},"type":"if","locations":[{"start":{"line":42,"column":2},"end":{"line":44,"column":null}}]},"1":{"loc":{"start":{"line":42,"column":6},"end":{"line":42,"column":39}},"type":"binary-expr","locations":[{"start":{"line":42,"column":6},"end":{"line":42,"column":15}},{"start":{"line":42,"column":19},"end":{"line":42,"column":39}}]},"2":{"loc":{"start":{"line":49,"column":2},"end":{"line":56,"column":null}},"type":"if","locations":[{"start":{"line":49,"column":2},"end":{"line":56,"column":null}}]},"3":{"loc":{"start":{"line":50,"column":18},"end":{"line":50,"column":null}},"type":"cond-expr","locations":[{"start":{"line":50,"column":21},"end":{"line":50,"column":45}},{"start":{"line":50,"column":45},"end":{"line":50,"column":null}}]},"4":{"loc":{"start":{"line":51,"column":9},"end":{"line":54,"column":null}},"type":"cond-expr","locations":[{"start":{"line":51,"column":12},"end":{"line":54,"column":6}},{"start":{"line":54,"column":6},"end":{"line":54,"column":null}}]}},"s":{"0":3,"1":3,"2":3,"3":3,"4":3,"5":3,"6":3,"7":3,"8":3,"9":9,"10":9,"11":9,"12":9,"13":3,"14":3,"15":18,"16":18,"17":9,"18":3,"19":3,"20":30,"21":15,"22":15,"23":15,"24":15,"25":15,"26":15,"27":15,"28":15,"29":15,"30":3,"31":3},"f":{"0":9,"1":18,"2":15,"3":15},"b":{"0":[9],"1":[18,9],"2":[15],"3":[15,0],"4":[15,0]}}
}
